2019-07-22 14:17:20.349+0000 WARN [o.n.i.p.PageCache] The dbms.memory.pagecache.size setting has not been configured. It is recommended that this setting is always explicitly configured, to ensure the system has a balanced configuration. Until then, a computed heuristic value of 8430112768 bytes will be used instead. 
2019-07-22 14:17:20.555+0000 INFO [o.n.k.i.f.CommunityEditionModule] No locking implementation specified, defaulting to 'community'
2019-07-22 14:17:20.711+0000 INFO [o.n.k.AvailabilityGuard] Requirement makes database unavailable: Database available
2019-07-22 14:17:20.727+0000 INFO [o.n.k.i.DiagnosticsManager] --- INITIALIZED diagnostics START ---
2019-07-22 14:17:20.727+0000 INFO [o.n.k.i.DiagnosticsManager] Neo4j Kernel properties:
2019-07-22 14:17:20.727+0000 INFO [o.n.k.i.DiagnosticsManager] dbms.connector.http.enabled=true
2019-07-22 14:17:20.727+0000 INFO [o.n.k.i.DiagnosticsManager] dbms.security.auth_enabled=true
2019-07-22 14:17:20.727+0000 INFO [o.n.k.i.DiagnosticsManager] dbms.connector.bolt.type=BOLT
2019-07-22 14:17:20.727+0000 INFO [o.n.k.i.DiagnosticsManager] unsupported.dbms.directories.neo4j_home=E:\ideaworkspace\government\neo4jGovern
2019-07-22 14:17:20.727+0000 INFO [o.n.k.i.DiagnosticsManager] dbms.directories.import=import
2019-07-22 14:17:20.727+0000 INFO [o.n.k.i.DiagnosticsManager] dbms.connector.https.enabled=true
2019-07-22 14:17:20.727+0000 INFO [o.n.k.i.DiagnosticsManager] dbms.connector.http.type=HTTP
2019-07-22 14:17:20.727+0000 INFO [o.n.k.i.DiagnosticsManager] unsupported.dbms.directories.database=E:\ideaworkspace\government\neo4jGovern
2019-07-22 14:17:20.727+0000 INFO [o.n.k.i.DiagnosticsManager] dbms.logs.http.enabled=false
2019-07-22 14:17:20.727+0000 INFO [o.n.k.i.DiagnosticsManager] dbms.connector.https.type=HTTP
2019-07-22 14:17:20.727+0000 INFO [o.n.k.i.DiagnosticsManager] unsupported.dbms.edition=community
2019-07-22 14:17:20.728+0000 INFO [o.n.k.i.DiagnosticsManager] dbms.connector.bolt.enabled=true
2019-07-22 14:17:20.728+0000 INFO [o.n.k.i.DiagnosticsManager] Diagnostics providers:
2019-07-22 14:17:20.728+0000 INFO [o.n.k.i.DiagnosticsManager] org.neo4j.kernel.configuration.Config
2019-07-22 14:17:20.728+0000 INFO [o.n.k.i.DiagnosticsManager] org.neo4j.kernel.info.DiagnosticsManager
2019-07-22 14:17:20.728+0000 INFO [o.n.k.i.DiagnosticsManager] SYSTEM_MEMORY
2019-07-22 14:17:20.728+0000 INFO [o.n.k.i.DiagnosticsManager] JAVA_MEMORY
2019-07-22 14:17:20.728+0000 INFO [o.n.k.i.DiagnosticsManager] OPERATING_SYSTEM
2019-07-22 14:17:20.728+0000 INFO [o.n.k.i.DiagnosticsManager] JAVA_VIRTUAL_MACHINE
2019-07-22 14:17:20.728+0000 INFO [o.n.k.i.DiagnosticsManager] CLASSPATH
2019-07-22 14:17:20.728+0000 INFO [o.n.k.i.DiagnosticsManager] LIBRARY_PATH
2019-07-22 14:17:20.728+0000 INFO [o.n.k.i.DiagnosticsManager] SYSTEM_PROPERTIES
2019-07-22 14:17:20.728+0000 INFO [o.n.k.i.DiagnosticsManager] NETWORK
2019-07-22 14:17:20.728+0000 INFO [o.n.k.i.DiagnosticsManager] System memory information:
2019-07-22 14:17:20.729+0000 INFO [o.n.k.i.DiagnosticsManager] Total Physical memory: 15.94 GB
2019-07-22 14:17:20.729+0000 INFO [o.n.k.i.DiagnosticsManager] Free Physical memory: 9.61 GB
2019-07-22 14:17:20.729+0000 INFO [o.n.k.i.DiagnosticsManager] Committed virtual memory: 161.98 MB
2019-07-22 14:17:20.729+0000 INFO [o.n.k.i.DiagnosticsManager] Total swap space: 18.82 GB
2019-07-22 14:17:20.729+0000 INFO [o.n.k.i.DiagnosticsManager] Free swap space: 10.03 GB
2019-07-22 14:17:20.729+0000 INFO [o.n.k.i.DiagnosticsManager] JVM memory information:
2019-07-22 14:17:20.729+0000 INFO [o.n.k.i.DiagnosticsManager] Free  memory: 22.81 MB
2019-07-22 14:17:20.729+0000 INFO [o.n.k.i.DiagnosticsManager] Total memory: 90.92 MB
2019-07-22 14:17:20.730+0000 INFO [o.n.k.i.DiagnosticsManager] Max   memory: 247.50 MB
2019-07-22 14:17:20.749+0000 INFO [o.n.k.i.DiagnosticsManager] Garbage Collector: Copy: [Eden Space, Survivor Space]
2019-07-22 14:17:20.749+0000 INFO [o.n.k.i.DiagnosticsManager] Garbage Collector: MarkSweepCompact: [Eden Space, Survivor Space, Tenured Gen]
2019-07-22 14:17:20.750+0000 INFO [o.n.k.i.DiagnosticsManager] Memory Pool: Code Cache (Non-heap memory): committed=3.19 MB, used=3.17 MB, max=32.00 MB, threshold=0.00 B
2019-07-22 14:17:20.750+0000 INFO [o.n.k.i.DiagnosticsManager] Memory Pool: Metaspace (Non-heap memory): committed=14.50 MB, used=13.90 MB, max=-1.00 B, threshold=0.00 B
2019-07-22 14:17:20.750+0000 INFO [o.n.k.i.DiagnosticsManager] Memory Pool: Eden Space (Heap memory): committed=25.13 MB, used=6.92 MB, max=68.31 MB, threshold=?
2019-07-22 14:17:20.750+0000 INFO [o.n.k.i.DiagnosticsManager] Memory Pool: Survivor Space (Heap memory): committed=3.13 MB, used=3.13 MB, max=8.50 MB, threshold=?
2019-07-22 14:17:20.750+0000 INFO [o.n.k.i.DiagnosticsManager] Memory Pool: Tenured Gen (Heap memory): committed=62.67 MB, used=58.07 MB, max=170.69 MB, threshold=0.00 B
2019-07-22 14:17:20.750+0000 INFO [o.n.k.i.DiagnosticsManager] Operating system information:
2019-07-22 14:17:20.751+0000 INFO [o.n.k.i.DiagnosticsManager] Operating System: Windows 10; version: 10.0; arch: x86; cpus: 6
2019-07-22 14:17:20.771+0000 INFO [o.n.k.i.DiagnosticsManager] Process id: 18380@DESKTOP-9DR8US0
2019-07-22 14:17:20.771+0000 INFO [o.n.k.i.DiagnosticsManager] Byte order: LITTLE_ENDIAN
2019-07-22 14:17:20.771+0000 INFO [o.n.k.i.DiagnosticsManager] Local timezone: Asia/Shanghai
2019-07-22 14:17:20.771+0000 INFO [o.n.k.i.DiagnosticsManager] JVM information:
2019-07-22 14:17:20.771+0000 INFO [o.n.k.i.DiagnosticsManager] VM Name: Java HotSpot(TM) Client VM
2019-07-22 14:17:20.771+0000 INFO [o.n.k.i.DiagnosticsManager] VM Vendor: Oracle Corporation
2019-07-22 14:17:20.771+0000 INFO [o.n.k.i.DiagnosticsManager] VM Version: 25.60-b23
2019-07-22 14:17:20.771+0000 INFO [o.n.k.i.DiagnosticsManager] JIT compiler: HotSpot Client Compiler
2019-07-22 14:17:20.771+0000 INFO [o.n.k.i.DiagnosticsManager] VM Arguments: [-Dexe4j.semaphoreName=Local\d:_software_neo4j_ce_3.2.1_bin_neo4j-ce.exe, -Dexe4j.isInstall4j=true, -Dexe4j.moduleName=D:\software\Neo4j CE 3.2.1\bin\neo4j-ce.exe, -Dexe4j.tempDir=, -Dexe4j.unextractedPosition=0, -Djava.library.path=C:\Program Files (x86)\Common Files\Oracle\Java\javapath;C:\WINDOWS\system32;C:\WINDOWS;C:\WINDOWS\System32\Wbem;C:\WINDOWS\System32\WindowsPowerShell\v1.0\;C:\WINDOWS\System32\OpenSSH\;C:\Program Files\Git\cmd;E:\python;E:\python\Scripts;D:\software\putty\;C:\Users\more\AppData\Local\Microsoft\WindowsApps;;d:\software\neo4j ce 3.2.1\jre\bin, -Dexe4j.consoleCodepage=cp0, -Dinstall4j.launcherId=24, -Dinstall4j.swt=false]
2019-07-22 14:17:20.771+0000 INFO [o.n.k.i.DiagnosticsManager] Java classpath:
2019-07-22 14:17:20.775+0000 INFO [o.n.k.i.DiagnosticsManager]  [bootstrap] D:\software\Neo4j CE 3.2.1\jre\lib\jce.jar
2019-07-22 14:17:20.775+0000 INFO [o.n.k.i.DiagnosticsManager]  [bootstrap] D:\software\Neo4j CE 3.2.1\jre\lib\resources.jar
2019-07-22 14:17:20.775+0000 INFO [o.n.k.i.DiagnosticsManager]  [loader.1] file:/D:/software/Neo4j%20CE%203.2.1/jre/lib/ext/sunec.jar
2019-07-22 14:17:20.775+0000 INFO [o.n.k.i.DiagnosticsManager]  [bootstrap] D:\software\Neo4j CE 3.2.1\jre\lib\jsse.jar
2019-07-22 14:17:20.775+0000 INFO [o.n.k.i.DiagnosticsManager]  [loader.0] file:/D:/software/Neo4j%20CE%203.2.1/bin/neo4j-desktop-3.2.1.jar
2019-07-22 14:17:20.775+0000 INFO [o.n.k.i.DiagnosticsManager]  [loader.1] file:/D:/software/Neo4j%20CE%203.2.1/jre/lib/ext/nashorn.jar
2019-07-22 14:17:20.775+0000 INFO [o.n.k.i.DiagnosticsManager]  [bootstrap] D:\software\Neo4j CE 3.2.1\jre\lib\rt.jar
2019-07-22 14:17:20.775+0000 INFO [o.n.k.i.DiagnosticsManager]  [classpath] D:\software\Neo4j CE 3.2.1\.install4j\i4jruntime.jar
2019-07-22 14:17:20.775+0000 INFO [o.n.k.i.DiagnosticsManager]  [loader.0] file:/D:/software/Neo4j%20CE%203.2.1/.install4j/i4jruntime.jar
2019-07-22 14:17:20.775+0000 INFO [o.n.k.i.DiagnosticsManager]  [classpath] D:\software\Neo4j CE 3.2.1\bin\neo4j-desktop-3.2.1.jar
2019-07-22 14:17:20.775+0000 INFO [o.n.k.i.DiagnosticsManager]  [bootstrap] D:\software\Neo4j CE 3.2.1\jre\lib\sunrsasign.jar
2019-07-22 14:17:20.775+0000 INFO [o.n.k.i.DiagnosticsManager]  [loader.1] file:/D:/software/Neo4j%20CE%203.2.1/jre/lib/ext/localedata.jar
2019-07-22 14:17:20.775+0000 INFO [o.n.k.i.DiagnosticsManager]  [loader.1] file:/D:/software/Neo4j%20CE%203.2.1/jre/lib/ext/cldrdata.jar
2019-07-22 14:17:20.775+0000 INFO [o.n.k.i.DiagnosticsManager]  [loader.1] file:/D:/software/Neo4j%20CE%203.2.1/jre/lib/ext/dnsns.jar
2019-07-22 14:17:20.775+0000 INFO [o.n.k.i.DiagnosticsManager]  [loader.1] file:/D:/software/Neo4j%20CE%203.2.1/jre/lib/ext/jaccess.jar
2019-07-22 14:17:20.775+0000 INFO [o.n.k.i.DiagnosticsManager]  [loader.1] file:/D:/software/Neo4j%20CE%203.2.1/jre/lib/ext/sunmscapi.jar
2019-07-22 14:17:20.776+0000 INFO [o.n.k.i.DiagnosticsManager]  [loader.1] file:/D:/software/Neo4j%20CE%203.2.1/jre/lib/ext/jfxrt.jar
2019-07-22 14:17:20.776+0000 INFO [o.n.k.i.DiagnosticsManager]  [loader.1] file:/D:/software/Neo4j%20CE%203.2.1/jre/lib/ext/zipfs.jar
2019-07-22 14:17:20.776+0000 INFO [o.n.k.i.DiagnosticsManager]  [bootstrap] D:\software\Neo4j CE 3.2.1\jre\lib\jfr.jar
2019-07-22 14:17:20.776+0000 INFO [o.n.k.i.DiagnosticsManager]  [loader.1] file:/D:/software/Neo4j%20CE%203.2.1/jre/lib/ext/sunpkcs11.jar
2019-07-22 14:17:20.776+0000 INFO [o.n.k.i.DiagnosticsManager]  [bootstrap] D:\software\Neo4j CE 3.2.1\jre\classes
2019-07-22 14:17:20.776+0000 INFO [o.n.k.i.DiagnosticsManager]  [bootstrap] D:\software\Neo4j CE 3.2.1\jre\lib\charsets.jar
2019-07-22 14:17:20.776+0000 INFO [o.n.k.i.DiagnosticsManager]  [loader.1] file:/D:/software/Neo4j%20CE%203.2.1/jre/lib/ext/access-bridge-32.jar
2019-07-22 14:17:20.776+0000 INFO [o.n.k.i.DiagnosticsManager]  [loader.1] file:/D:/software/Neo4j%20CE%203.2.1/jre/lib/ext/sunjce_provider.jar
2019-07-22 14:17:20.776+0000 INFO [o.n.k.i.DiagnosticsManager] Library path:
2019-07-22 14:17:20.777+0000 INFO [o.n.k.i.DiagnosticsManager] C:\Program Files (x86)\Common Files\Oracle\Java\javapath
2019-07-22 14:17:20.778+0000 INFO [o.n.k.i.DiagnosticsManager] C:\Windows\System32
2019-07-22 14:17:20.778+0000 INFO [o.n.k.i.DiagnosticsManager] C:\Windows
2019-07-22 14:17:20.779+0000 INFO [o.n.k.i.DiagnosticsManager] C:\Windows\System32\wbem
2019-07-22 14:17:20.779+0000 INFO [o.n.k.i.DiagnosticsManager] C:\Windows\System32\WindowsPowerShell\v1.0
2019-07-22 14:17:20.780+0000 INFO [o.n.k.i.DiagnosticsManager] C:\Windows\System32\OpenSSH
2019-07-22 14:17:20.780+0000 INFO [o.n.k.i.DiagnosticsManager] C:\Program Files\Git\cmd
2019-07-22 14:17:20.780+0000 INFO [o.n.k.i.DiagnosticsManager] E:\python
2019-07-22 14:17:20.781+0000 INFO [o.n.k.i.DiagnosticsManager] E:\python\Scripts
2019-07-22 14:17:20.781+0000 INFO [o.n.k.i.DiagnosticsManager] D:\software\putty
2019-07-22 14:17:20.782+0000 INFO [o.n.k.i.DiagnosticsManager] C:\Users\more\AppData\Local\Microsoft\WindowsApps
2019-07-22 14:17:20.782+0000 INFO [o.n.k.i.DiagnosticsManager] D:\software\Neo4j CE 3.2.1\bin
2019-07-22 14:17:20.782+0000 INFO [o.n.k.i.DiagnosticsManager] D:\software\Neo4j CE 3.2.1\jre\bin
2019-07-22 14:17:20.782+0000 INFO [o.n.k.i.DiagnosticsManager] System.properties:
2019-07-22 14:17:20.782+0000 INFO [o.n.k.i.DiagnosticsManager] exe4j.moduleName = D:\software\Neo4j CE 3.2.1\bin\neo4j-ce.exe
2019-07-22 14:17:20.782+0000 INFO [o.n.k.i.DiagnosticsManager] exe4j.semaphoreName = Local\d:_software_neo4j_ce_3.2.1_bin_neo4j-ce.exe
2019-07-22 14:17:20.782+0000 INFO [o.n.k.i.DiagnosticsManager] sun.boot.library.path = d:\software\neo4j ce 3.2.1\jre\bin
2019-07-22 14:17:20.782+0000 INFO [o.n.k.i.DiagnosticsManager] exe4j.consoleCodepage = cp0
2019-07-22 14:17:20.782+0000 INFO [o.n.k.i.DiagnosticsManager] path.separator = ;
2019-07-22 14:17:20.782+0000 INFO [o.n.k.i.DiagnosticsManager] file.encoding.pkg = sun.io
2019-07-22 14:17:20.782+0000 INFO [o.n.k.i.DiagnosticsManager] user.country = CN
2019-07-22 14:17:20.782+0000 INFO [o.n.k.i.DiagnosticsManager] user.script = 
2019-07-22 14:17:20.783+0000 INFO [o.n.k.i.DiagnosticsManager] sun.os.patch.level = 
2019-07-22 14:17:20.783+0000 INFO [o.n.k.i.DiagnosticsManager] install4j.exeDir = D:\software\Neo4j CE 3.2.1\bin\
2019-07-22 14:17:20.783+0000 INFO [o.n.k.i.DiagnosticsManager] user.dir = D:\software\Neo4j CE 3.2.1\bin
2019-07-22 14:17:20.783+0000 INFO [o.n.k.i.DiagnosticsManager] user.variant = 
2019-07-22 14:17:20.783+0000 INFO [o.n.k.i.DiagnosticsManager] exe4j.tempDir = 
2019-07-22 14:17:20.783+0000 INFO [o.n.k.i.DiagnosticsManager] sun.jnu.encoding = GBK
2019-07-22 14:17:20.783+0000 INFO [o.n.k.i.DiagnosticsManager] unsupported.dbms.udc.source = desktop
2019-07-22 14:17:20.783+0000 INFO [o.n.k.i.DiagnosticsManager] sun.awt.enableExtraMouseButtons = true
2019-07-22 14:17:20.783+0000 INFO [o.n.k.i.DiagnosticsManager] install4j.launcherId = 24
2019-07-22 14:17:20.783+0000 INFO [o.n.k.i.DiagnosticsManager] sun.management.compiler = HotSpot Client Compiler
2019-07-22 14:17:20.783+0000 INFO [o.n.k.i.DiagnosticsManager] exe4j.isInstall4j = true
2019-07-22 14:17:20.783+0000 INFO [o.n.k.i.DiagnosticsManager] install4j.swt = false
2019-07-22 14:17:20.783+0000 INFO [o.n.k.i.DiagnosticsManager] user.home = C:\Users\more
2019-07-22 14:17:20.783+0000 INFO [o.n.k.i.DiagnosticsManager] user.timezone = Asia/Shanghai
2019-07-22 14:17:20.783+0000 INFO [o.n.k.i.DiagnosticsManager] file.encoding = GBK
2019-07-22 14:17:20.783+0000 INFO [o.n.k.i.DiagnosticsManager] user.name = cafe3165
2019-07-22 14:17:20.783+0000 INFO [o.n.k.i.DiagnosticsManager] sun.java.command = D:\software\Neo4j CE 3.2.1\bin\neo4j-ce.exe
2019-07-22 14:17:20.783+0000 INFO [o.n.k.i.DiagnosticsManager] sun.arch.data.model = 32
2019-07-22 14:17:20.783+0000 INFO [o.n.k.i.DiagnosticsManager] exe4j.launchName = D:\software\Neo4j CE 3.2.1\bin\neo4j-ce.exe
2019-07-22 14:17:20.783+0000 INFO [o.n.k.i.DiagnosticsManager] user.language = zh
2019-07-22 14:17:20.783+0000 INFO [o.n.k.i.DiagnosticsManager] awt.toolkit = sun.awt.windows.WToolkit
2019-07-22 14:17:20.783+0000 INFO [o.n.k.i.DiagnosticsManager] exe4j.unextractedPosition = 0
2019-07-22 14:17:20.783+0000 INFO [o.n.k.i.DiagnosticsManager] install4j.appDir = D:\software\Neo4j CE 3.2.1\
2019-07-22 14:17:20.783+0000 INFO [o.n.k.i.DiagnosticsManager] file.separator = \
2019-07-22 14:17:20.783+0000 INFO [o.n.k.i.DiagnosticsManager] sun.io.unicode.encoding = UnicodeLittle
2019-07-22 14:17:20.783+0000 INFO [o.n.k.i.DiagnosticsManager] sun.cpu.endian = little
2019-07-22 14:17:20.783+0000 INFO [o.n.k.i.DiagnosticsManager] sun.desktop = windows
2019-07-22 14:17:20.783+0000 INFO [o.n.k.i.DiagnosticsManager] sun.cpu.isalist = pentium_pro+mmx pentium_pro pentium+mmx pentium i486 i386 i86
2019-07-22 14:17:20.783+0000 INFO [o.n.k.i.DiagnosticsManager] Network information:
2019-07-22 14:17:20.813+0000 INFO [o.n.k.i.DiagnosticsManager] Interface Software Loopback Interface 1:
2019-07-22 14:17:20.813+0000 INFO [o.n.k.i.DiagnosticsManager]     address: 127.0.0.1
2019-07-22 14:17:20.813+0000 INFO [o.n.k.i.DiagnosticsManager]     address: 0:0:0:0:0:0:0:1
2019-07-22 14:17:20.813+0000 INFO [o.n.k.i.DiagnosticsManager] Interface Microsoft 6to4 Adapter:
2019-07-22 14:17:20.813+0000 INFO [o.n.k.i.DiagnosticsManager] Interface Microsoft IP-HTTPS Platform Adapter:
2019-07-22 14:17:20.813+0000 INFO [o.n.k.i.DiagnosticsManager] Interface Microsoft Kernel Debug Network Adapter:
2019-07-22 14:17:20.813+0000 INFO [o.n.k.i.DiagnosticsManager] Interface Microsoft Teredo Tunneling Adapter:
2019-07-22 14:17:20.813+0000 INFO [o.n.k.i.DiagnosticsManager] Interface Intel(R) Ethernet Connection (7) I219-V:
2019-07-22 14:17:20.813+0000 INFO [o.n.k.i.DiagnosticsManager]     address: 192.168.0.105
2019-07-22 14:17:20.813+0000 INFO [o.n.k.i.DiagnosticsManager]     address: fe80:0:0:0:98e:d719:8bc8:3dcc%eth1
2019-07-22 14:17:20.813+0000 INFO [o.n.k.i.DiagnosticsManager] Interface Intel(R) Ethernet Connection (7) I219-V-WFP Native MAC Layer LightWeight Filter-0000:
2019-07-22 14:17:20.813+0000 INFO [o.n.k.i.DiagnosticsManager] Interface Intel(R) Ethernet Connection (7) I219-V-QoS Packet Scheduler-0000:
2019-07-22 14:17:20.813+0000 INFO [o.n.k.i.DiagnosticsManager] Interface Intel(R) Ethernet Connection (7) I219-V-WFP 802.3 MAC Layer LightWeight Filter-0000:
2019-07-22 14:17:20.813+0000 INFO [o.n.k.i.DiagnosticsManager] Interface WAN Miniport (SSTP):
2019-07-22 14:17:20.813+0000 INFO [o.n.k.i.DiagnosticsManager] Interface WAN Miniport (IKEv2):
2019-07-22 14:17:20.814+0000 INFO [o.n.k.i.DiagnosticsManager] Interface WAN Miniport (L2TP):
2019-07-22 14:17:20.814+0000 INFO [o.n.k.i.DiagnosticsManager] Interface WAN Miniport (PPTP):
2019-07-22 14:17:20.814+0000 INFO [o.n.k.i.DiagnosticsManager] Interface WAN Miniport (PPPOE):
2019-07-22 14:17:20.814+0000 INFO [o.n.k.i.DiagnosticsManager] Interface WAN Miniport (IP):
2019-07-22 14:17:20.814+0000 INFO [o.n.k.i.DiagnosticsManager] Interface WAN Miniport (IP)-WFP Native MAC Layer LightWeight Filter-0000:
2019-07-22 14:17:20.814+0000 INFO [o.n.k.i.DiagnosticsManager] Interface WAN Miniport (IP)-QoS Packet Scheduler-0000:
2019-07-22 14:17:20.814+0000 INFO [o.n.k.i.DiagnosticsManager] Interface WAN Miniport (IPv6):
2019-07-22 14:17:20.814+0000 INFO [o.n.k.i.DiagnosticsManager] Interface WAN Miniport (IPv6)-WFP Native MAC Layer LightWeight Filter-0000:
2019-07-22 14:17:20.814+0000 INFO [o.n.k.i.DiagnosticsManager] Interface WAN Miniport (IPv6)-QoS Packet Scheduler-0000:
2019-07-22 14:17:20.814+0000 INFO [o.n.k.i.DiagnosticsManager] Interface WAN Miniport (Network Monitor):
2019-07-22 14:17:20.814+0000 INFO [o.n.k.i.DiagnosticsManager] Interface WAN Miniport (Network Monitor)-WFP Native MAC Layer LightWeight Filter-0000:
2019-07-22 14:17:20.814+0000 INFO [o.n.k.i.DiagnosticsManager] Interface WAN Miniport (Network Monitor)-QoS Packet Scheduler-0000:
2019-07-22 14:17:20.814+0000 INFO [o.n.k.i.DiagnosticsManager] --- INITIALIZED diagnostics END ---
2019-07-22 14:17:21.362+0000 INFO [o.n.b.v.r.WorkerFactory] Bolt Server extension loaded.
2019-07-22 14:17:21.365+0000 INFO [o.n.b.v.r.WorkerFactory] Bolt enabled on 127.0.0.1:7687.
2019-07-22 14:17:21.551+0000 INFO [o.n.k.i.s.f.RecordFormatSelector] Selected format 'RecordFormat:StandardV3_2[v0.A.8]' for the new store
2019-07-22 14:17:22.973+0000 INFO [o.n.k.i.a.i.IndexingService] IndexingService.init: indexes not specifically mentioned above are null
2019-07-22 14:17:22.973+0000 INFO [o.n.k.i.i.l.NativeLabelScanStore] No scan store found, this might just be first use. Preparing to rebuild.
2019-07-22 14:17:23.066+0000 INFO [o.n.k.NeoStoreDataSource] Opened logical log [E:\ideaworkspace\government\neo4jGovern\neostore.transaction.db.0] version=0, lastTxId=1 (clean)
2019-07-22 14:17:23.070+0000 INFO [o.n.k.NeoStoreDataSource] No commits found after last check point (which is at <no log position given>)
2019-07-22 14:17:23.074+0000 WARN [o.n.k.i.s.MetaDataStore] Missing counts store, rebuilding it.
2019-07-22 14:17:23.172+0000 WARN [o.n.k.i.s.MetaDataStore] Counts store rebuild completed.
2019-07-22 14:17:23.182+0000 INFO [o.n.k.i.a.i.IndexingService] IndexingService.start: indexes not specifically mentioned above are null
2019-07-22 14:17:23.182+0000 INFO [o.n.k.i.i.l.NativeLabelScanStore] Rebuilding scan store, this may take a while
2019-07-22 14:17:23.255+0000 INFO [o.n.k.i.i.l.NativeLabelScanStore] Scan store rebuilt (roughly 0 nodes)
2019-07-22 14:17:23.258+0000 INFO [o.n.k.i.DatabaseHealth] Database health set to OK
2019-07-22 14:17:23.823+0000 INFO [o.n.k.AvailabilityGuard] Fulfilling of requirement makes database available: Database available
2019-07-22 14:17:23.824+0000 INFO [o.n.k.i.f.GraphDatabaseFacadeFactory] Database is now ready
2019-07-22 14:17:23.824+0000 INFO [o.n.k.i.DiagnosticsManager] --- STARTED diagnostics for KernelDiagnostics:Versions START ---
2019-07-22 14:17:23.824+0000 INFO [o.n.k.i.DiagnosticsManager] Graph Database: community single StoreId{creationTime=1563805042815, randomId=-1112269783689737332, storeVersion=15813456178476550, upgradeTime=1563805042815, upgradeId=1}
2019-07-22 14:17:23.824+0000 INFO [o.n.k.i.DiagnosticsManager] Kernel version: 3.2.1
2019-07-22 14:17:23.825+0000 INFO [o.n.k.i.DiagnosticsManager] --- STARTED diagnostics for KernelDiagnostics:Versions END ---
2019-07-22 14:17:23.825+0000 INFO [o.n.k.i.DiagnosticsManager] --- STARTED diagnostics for NEO_STORE_VERSIONS START ---
2019-07-22 14:17:23.825+0000 INFO [o.n.k.i.DiagnosticsManager] Store versions:
2019-07-22 14:17:23.826+0000 INFO [o.n.k.i.DiagnosticsManager] Store versions:
2019-07-22 14:17:23.826+0000 INFO [o.n.k.i.DiagnosticsManager]   ArrayPropertyStore v0.A.8
2019-07-22 14:17:23.826+0000 INFO [o.n.k.i.DiagnosticsManager]   NodeStore v0.A.8
2019-07-22 14:17:23.826+0000 INFO [o.n.k.i.DiagnosticsManager]   StringPropertyStore v0.A.8
2019-07-22 14:17:23.826+0000 INFO [o.n.k.i.DiagnosticsManager]   PropertyIndexStore v0.A.8
2019-07-22 14:17:23.826+0000 INFO [o.n.k.i.DiagnosticsManager]   StringPropertyStore v0.A.8
2019-07-22 14:17:23.826+0000 INFO [o.n.k.i.DiagnosticsManager]   ArrayPropertyStore v0.A.8
2019-07-22 14:17:23.826+0000 INFO [o.n.k.i.DiagnosticsManager]   PropertyStore v0.A.8
2019-07-22 14:17:23.826+0000 INFO [o.n.k.i.DiagnosticsManager]   RelationshipStore v0.A.8
2019-07-22 14:17:23.826+0000 INFO [o.n.k.i.DiagnosticsManager]   StringPropertyStore v0.A.8
2019-07-22 14:17:23.826+0000 INFO [o.n.k.i.DiagnosticsManager]   RelationshipTypeStore v0.A.8
2019-07-22 14:17:23.826+0000 INFO [o.n.k.i.DiagnosticsManager]   StringPropertyStore v0.A.8
2019-07-22 14:17:23.826+0000 INFO [o.n.k.i.DiagnosticsManager]   LabelTokenStore v0.A.8
2019-07-22 14:17:23.826+0000 INFO [o.n.k.i.DiagnosticsManager]   SchemaStore v0.A.8
2019-07-22 14:17:23.826+0000 INFO [o.n.k.i.DiagnosticsManager]   RelationshipGroupStore v0.A.8
2019-07-22 14:17:23.826+0000 INFO [o.n.k.i.DiagnosticsManager]   NeoStore v0.A.8
2019-07-22 14:17:23.826+0000 INFO [o.n.k.i.DiagnosticsManager] --- STARTED diagnostics for NEO_STORE_VERSIONS END ---
2019-07-22 14:17:23.826+0000 INFO [o.n.k.i.DiagnosticsManager] --- STARTED diagnostics for NEO_STORE_ID_USAGE START ---
2019-07-22 14:17:23.827+0000 INFO [o.n.k.i.DiagnosticsManager] Id usage:
2019-07-22 14:17:23.827+0000 INFO [o.n.k.i.DiagnosticsManager] Id usage:
2019-07-22 14:17:23.827+0000 INFO [o.n.k.i.DiagnosticsManager]   ArrayPropertyStore: used=1 high=0
2019-07-22 14:17:23.827+0000 INFO [o.n.k.i.DiagnosticsManager]   NodeStore: used=0 high=-1
2019-07-22 14:17:23.827+0000 INFO [o.n.k.i.DiagnosticsManager]   StringPropertyStore: used=1 high=0
2019-07-22 14:17:23.827+0000 INFO [o.n.k.i.DiagnosticsManager]   PropertyIndexStore: used=0 high=-1
2019-07-22 14:17:23.827+0000 INFO [o.n.k.i.DiagnosticsManager]   StringPropertyStore: used=1 high=0
2019-07-22 14:17:23.827+0000 INFO [o.n.k.i.DiagnosticsManager]   ArrayPropertyStore: used=1 high=0
2019-07-22 14:17:23.827+0000 INFO [o.n.k.i.DiagnosticsManager]   PropertyStore: used=0 high=-1
2019-07-22 14:17:23.827+0000 INFO [o.n.k.i.DiagnosticsManager]   RelationshipStore: used=0 high=-1
2019-07-22 14:17:23.827+0000 INFO [o.n.k.i.DiagnosticsManager]   StringPropertyStore: used=1 high=0
2019-07-22 14:17:23.827+0000 INFO [o.n.k.i.DiagnosticsManager]   RelationshipTypeStore: used=0 high=-1
2019-07-22 14:17:23.827+0000 INFO [o.n.k.i.DiagnosticsManager]   StringPropertyStore: used=1 high=0
2019-07-22 14:17:23.828+0000 INFO [o.n.k.i.DiagnosticsManager]   LabelTokenStore: used=0 high=-1
2019-07-22 14:17:23.828+0000 INFO [o.n.k.i.DiagnosticsManager]   SchemaStore: used=1 high=0
2019-07-22 14:17:23.828+0000 INFO [o.n.k.i.DiagnosticsManager]   RelationshipGroupStore: used=1 high=0
2019-07-22 14:17:23.828+0000 INFO [o.n.k.i.DiagnosticsManager]   NeoStore: used=15 high=14
2019-07-22 14:17:23.828+0000 INFO [o.n.k.i.DiagnosticsManager] --- STARTED diagnostics for NEO_STORE_ID_USAGE END ---
2019-07-22 14:17:23.828+0000 INFO [o.n.k.i.DiagnosticsManager] --- STARTED diagnostics for NEO_STORE_RECORDS START ---
2019-07-22 14:17:23.828+0000 INFO [o.n.k.i.DiagnosticsManager] Neostore records:
2019-07-22 14:17:23.828+0000 INFO [o.n.k.i.DiagnosticsManager] TIME (Creation time): 1563805042815
2019-07-22 14:17:23.828+0000 INFO [o.n.k.i.DiagnosticsManager] RANDOM_NUMBER (Random number for store id): -1112269783689737332
2019-07-22 14:17:23.828+0000 INFO [o.n.k.i.DiagnosticsManager] LOG_VERSION (Current log version): 0
2019-07-22 14:17:23.828+0000 INFO [o.n.k.i.DiagnosticsManager] LAST_TRANSACTION_ID (Last committed transaction): 1
2019-07-22 14:17:23.829+0000 INFO [o.n.k.i.DiagnosticsManager] STORE_VERSION (Store format version): 15813456178476550
2019-07-22 14:17:23.829+0000 INFO [o.n.k.i.DiagnosticsManager] FIRST_GRAPH_PROPERTY (First property record containing graph properties): -1
2019-07-22 14:17:23.829+0000 INFO [o.n.k.i.DiagnosticsManager] LAST_CONSTRAINT_TRANSACTION (Last committed transaction containing constraint changes): 0
2019-07-22 14:17:23.829+0000 INFO [o.n.k.i.DiagnosticsManager] UPGRADE_TRANSACTION_ID (Transaction id most recent upgrade was performed at): 1
2019-07-22 14:17:23.829+0000 INFO [o.n.k.i.DiagnosticsManager] UPGRADE_TIME (Time of last upgrade): 1563805042815
2019-07-22 14:17:23.829+0000 INFO [o.n.k.i.DiagnosticsManager] LAST_TRANSACTION_CHECKSUM (Checksum of last committed transaction): 0
2019-07-22 14:17:23.829+0000 INFO [o.n.k.i.DiagnosticsManager] UPGRADE_TRANSACTION_CHECKSUM (Checksum of transaction id the most recent upgrade was performed at): 0
2019-07-22 14:17:23.829+0000 INFO [o.n.k.i.DiagnosticsManager] LAST_CLOSED_TRANSACTION_LOG_VERSION (Log version where the last transaction commit entry has been written into): 0
2019-07-22 14:17:23.829+0000 INFO [o.n.k.i.DiagnosticsManager] LAST_CLOSED_TRANSACTION_LOG_BYTE_OFFSET (Byte offset in the log file where the last transaction commit entry has been written into): 16
2019-07-22 14:17:23.829+0000 INFO [o.n.k.i.DiagnosticsManager] LAST_TRANSACTION_COMMIT_TIMESTAMP (Commit time timestamp for last committed transaction): 0
2019-07-22 14:17:23.829+0000 INFO [o.n.k.i.DiagnosticsManager] UPGRADE_TRANSACTION_COMMIT_TIMESTAMP (Commit timestamp of transaction the most recent upgrade was performed at): 0
2019-07-22 14:17:23.829+0000 INFO [o.n.k.i.DiagnosticsManager] --- STARTED diagnostics for NEO_STORE_RECORDS END ---
2019-07-22 14:17:23.830+0000 INFO [o.n.k.i.DiagnosticsManager] --- STARTED diagnostics for TRANSACTION_RANGE START ---
2019-07-22 14:17:23.830+0000 INFO [o.n.k.i.DiagnosticsManager] Transaction log:
2019-07-22 14:17:23.830+0000 INFO [o.n.k.i.DiagnosticsManager] No transactions found in any log
2019-07-22 14:17:23.830+0000 INFO [o.n.k.i.DiagnosticsManager] --- STARTED diagnostics for TRANSACTION_RANGE END ---
2019-07-22 14:17:23.831+0000 INFO [o.n.k.i.DiagnosticsManager] --- STARTED diagnostics for KernelDiagnostics:StoreFiles START ---
2019-07-22 14:17:23.833+0000 INFO [o.n.k.i.DiagnosticsManager] Disk space on partition (Total / Free / Free %): 214747312128 / 164406775808 / 76
Storage files: (filename : modification date - size)
2019-07-22 14:17:23.833+0000 INFO [o.n.k.i.DiagnosticsManager]   certificates:
2019-07-22 14:17:23.834+0000 INFO [o.n.k.i.DiagnosticsManager]     neo4j.cert: 2019-07-22T22:17:20+0800 - 1002.00 B
2019-07-22 14:17:23.834+0000 INFO [o.n.k.i.DiagnosticsManager]     neo4j.key: 2019-07-22T22:17:20+0800 - 1.70 kB
2019-07-22 14:17:23.834+0000 INFO [o.n.k.i.DiagnosticsManager]   - Total: 2019-07-22T22:17:20+0800 - 2.67 kB
2019-07-22 14:17:23.834+0000 INFO [o.n.k.i.DiagnosticsManager]   data:
2019-07-22 14:17:23.834+0000 INFO [o.n.k.i.DiagnosticsManager]     dbms:
2019-07-22 14:17:23.835+0000 INFO [o.n.k.i.DiagnosticsManager]       auth: 2019-07-22T22:17:23+0800 - 137.00 B
2019-07-22 14:17:23.835+0000 INFO [o.n.k.i.DiagnosticsManager]     - Total: 2019-07-22T22:17:23+0800 - 137.00 B
2019-07-22 14:17:23.835+0000 INFO [o.n.k.i.DiagnosticsManager]   - Total: 2019-07-22T22:17:23+0800 - 137.00 B
2019-07-22 14:17:23.835+0000 INFO [o.n.k.i.DiagnosticsManager]   index:
2019-07-22 14:17:23.835+0000 INFO [o.n.k.i.DiagnosticsManager]   - Total: 2019-07-22T22:17:22+0800 - 0.00 B
2019-07-22 14:17:23.835+0000 INFO [o.n.k.i.DiagnosticsManager]   logs:
2019-07-22 14:17:23.836+0000 INFO [o.n.k.i.DiagnosticsManager]     debug.log: 2019-07-22T22:17:23+0800 - 27.75 kB
2019-07-22 14:17:23.836+0000 INFO [o.n.k.i.DiagnosticsManager]   - Total: 2019-07-22T22:17:20+0800 - 27.75 kB
2019-07-22 14:17:23.836+0000 INFO [o.n.k.i.DiagnosticsManager]   neostore: 2019-07-22T22:17:22+0800 - 8.00 kB
2019-07-22 14:17:23.836+0000 INFO [o.n.k.i.DiagnosticsManager]   neostore.counts.db.a: 2019-07-22T22:17:23+0800 - 96.00 B
2019-07-22 14:17:23.837+0000 INFO [o.n.k.i.DiagnosticsManager]   neostore.id: 2019-07-22T22:17:22+0800 - 9.00 B
2019-07-22 14:17:23.837+0000 INFO [o.n.k.i.DiagnosticsManager]   neostore.labelscanstore.db: 2019-07-22T22:17:23+0800 - 40.00 kB
2019-07-22 14:17:23.837+0000 INFO [o.n.k.i.DiagnosticsManager]   neostore.labeltokenstore.db: 2019-07-22T22:17:22+0800 - 0.00 B
2019-07-22 14:17:23.837+0000 INFO [o.n.k.i.DiagnosticsManager]   neostore.labeltokenstore.db.id: 2019-07-22T22:17:22+0800 - 9.00 B
2019-07-22 14:17:23.837+0000 INFO [o.n.k.i.DiagnosticsManager]   neostore.labeltokenstore.db.names: 2019-07-22T22:17:22+0800 - 8.00 kB
2019-07-22 14:17:23.838+0000 INFO [o.n.k.i.DiagnosticsManager]   neostore.labeltokenstore.db.names.id: 2019-07-22T22:17:22+0800 - 9.00 B
2019-07-22 14:17:23.838+0000 INFO [o.n.k.i.DiagnosticsManager]   neostore.nodestore.db: 2019-07-22T22:17:21+0800 - 0.00 B
2019-07-22 14:17:23.838+0000 INFO [o.n.k.i.DiagnosticsManager]   neostore.nodestore.db.id: 2019-07-22T22:17:21+0800 - 9.00 B
2019-07-22 14:17:23.838+0000 INFO [o.n.k.i.DiagnosticsManager]   neostore.nodestore.db.labels: 2019-07-22T22:17:21+0800 - 8.00 kB
2019-07-22 14:17:23.838+0000 INFO [o.n.k.i.DiagnosticsManager]   neostore.nodestore.db.labels.id: 2019-07-22T22:17:21+0800 - 9.00 B
2019-07-22 14:17:23.839+0000 INFO [o.n.k.i.DiagnosticsManager]   neostore.propertystore.db: 2019-07-22T22:17:22+0800 - 0.00 B
2019-07-22 14:17:23.839+0000 INFO [o.n.k.i.DiagnosticsManager]   neostore.propertystore.db.arrays: 2019-07-22T22:17:22+0800 - 8.00 kB
2019-07-22 14:17:23.839+0000 INFO [o.n.k.i.DiagnosticsManager]   neostore.propertystore.db.arrays.id: 2019-07-22T22:17:22+0800 - 9.00 B
2019-07-22 14:17:23.839+0000 INFO [o.n.k.i.DiagnosticsManager]   neostore.propertystore.db.id: 2019-07-22T22:17:22+0800 - 9.00 B
2019-07-22 14:17:23.839+0000 INFO [o.n.k.i.DiagnosticsManager]   neostore.propertystore.db.index: 2019-07-22T22:17:21+0800 - 0.00 B
2019-07-22 14:17:23.839+0000 INFO [o.n.k.i.DiagnosticsManager]   neostore.propertystore.db.index.id: 2019-07-22T22:17:21+0800 - 9.00 B
2019-07-22 14:17:23.840+0000 INFO [o.n.k.i.DiagnosticsManager]   neostore.propertystore.db.index.keys: 2019-07-22T22:17:21+0800 - 8.00 kB
2019-07-22 14:17:23.840+0000 INFO [o.n.k.i.DiagnosticsManager]   neostore.propertystore.db.index.keys.id: 2019-07-22T22:17:21+0800 - 9.00 B
2019-07-22 14:17:23.840+0000 INFO [o.n.k.i.DiagnosticsManager]   neostore.propertystore.db.strings: 2019-07-22T22:17:21+0800 - 8.00 kB
2019-07-22 14:17:23.840+0000 INFO [o.n.k.i.DiagnosticsManager]   neostore.propertystore.db.strings.id: 2019-07-22T22:17:22+0800 - 9.00 B
2019-07-22 14:17:23.840+0000 INFO [o.n.k.i.DiagnosticsManager]   neostore.relationshipgroupstore.db: 2019-07-22T22:17:22+0800 - 8.00 kB
2019-07-22 14:17:23.841+0000 INFO [o.n.k.i.DiagnosticsManager]   neostore.relationshipgroupstore.db.id: 2019-07-22T22:17:22+0800 - 9.00 B
2019-07-22 14:17:23.841+0000 INFO [o.n.k.i.DiagnosticsManager]   neostore.relationshipstore.db: 2019-07-22T22:17:22+0800 - 0.00 B
2019-07-22 14:17:23.841+0000 INFO [o.n.k.i.DiagnosticsManager]   neostore.relationshipstore.db.id: 2019-07-22T22:17:22+0800 - 9.00 B
2019-07-22 14:17:23.841+0000 INFO [o.n.k.i.DiagnosticsManager]   neostore.relationshiptypestore.db: 2019-07-22T22:17:22+0800 - 0.00 B
2019-07-22 14:17:23.841+0000 INFO [o.n.k.i.DiagnosticsManager]   neostore.relationshiptypestore.db.id: 2019-07-22T22:17:22+0800 - 9.00 B
2019-07-22 14:17:23.842+0000 INFO [o.n.k.i.DiagnosticsManager]   neostore.relationshiptypestore.db.names: 2019-07-22T22:17:22+0800 - 8.00 kB
2019-07-22 14:17:23.842+0000 INFO [o.n.k.i.DiagnosticsManager]   neostore.relationshiptypestore.db.names.id: 2019-07-22T22:17:22+0800 - 9.00 B
2019-07-22 14:17:23.842+0000 INFO [o.n.k.i.DiagnosticsManager]   neostore.schemastore.db: 2019-07-22T22:17:22+0800 - 8.00 kB
2019-07-22 14:17:23.842+0000 INFO [o.n.k.i.DiagnosticsManager]   neostore.schemastore.db.id: 2019-07-22T22:17:22+0800 - 9.00 B
2019-07-22 14:17:23.842+0000 INFO [o.n.k.i.DiagnosticsManager]   neostore.transaction.db.0: 2019-07-22T22:17:23+0800 - 16.00 B
2019-07-22 14:17:23.843+0000 INFO [o.n.k.i.DiagnosticsManager]   store_lock: 2019-07-22T22:17:21+0800 - 0.00 B
2019-07-22 14:17:23.843+0000 INFO [o.n.k.i.DiagnosticsManager] --- STARTED diagnostics for KernelDiagnostics:StoreFiles END ---
2019-07-22 14:17:25.051+0000 INFO [o.n.k.i.DiagnosticsManager] --- SERVER STARTED START ---
2019-07-22 14:17:26.030+0000 INFO [o.n.k.i.DiagnosticsManager] --- SERVER STARTED END ---
