2019-07-16 13:10:44.534+0000 WARN [o.n.i.p.PageCache] The dbms.memory.pagecache.size setting has not been configured. It is recommended that this setting is always explicitly configured, to ensure the system has a balanced configuration. Until then, a computed heuristic value of 8396312576 bytes will be used instead. 
2019-07-16 13:10:44.672+0000 INFO [o.n.k.i.f.CommunityEditionModule] No locking implementation specified, defaulting to 'community'
2019-07-16 13:10:44.689+0000 INFO [o.n.k.AvailabilityGuard] Requirement makes database unavailable: Database available
2019-07-16 13:10:44.689+0000 INFO [o.n.k.i.DiagnosticsManager] --- INITIALIZED diagnostics START ---
2019-07-16 13:10:44.689+0000 INFO [o.n.k.i.DiagnosticsManager] Neo4j Kernel properties:
2019-07-16 13:10:44.689+0000 INFO [o.n.k.i.DiagnosticsManager] dbms.connector.http.enabled=true
2019-07-16 13:10:44.689+0000 INFO [o.n.k.i.DiagnosticsManager] dbms.security.auth_enabled=true
2019-07-16 13:10:44.689+0000 INFO [o.n.k.i.DiagnosticsManager] dbms.connector.bolt.type=BOLT
2019-07-16 13:10:44.689+0000 INFO [o.n.k.i.DiagnosticsManager] unsupported.dbms.directories.neo4j_home=D:\idea_workspace\littletest2\neo4jAll
2019-07-16 13:10:44.689+0000 INFO [o.n.k.i.DiagnosticsManager] dbms.directories.import=import
2019-07-16 13:10:44.690+0000 INFO [o.n.k.i.DiagnosticsManager] dbms.connector.https.enabled=true
2019-07-16 13:10:44.690+0000 INFO [o.n.k.i.DiagnosticsManager] dbms.connector.http.type=HTTP
2019-07-16 13:10:44.690+0000 INFO [o.n.k.i.DiagnosticsManager] unsupported.dbms.directories.database=D:\idea_workspace\littletest2\neo4jAll
2019-07-16 13:10:44.690+0000 INFO [o.n.k.i.DiagnosticsManager] dbms.logs.http.enabled=false
2019-07-16 13:10:44.690+0000 INFO [o.n.k.i.DiagnosticsManager] dbms.connector.https.type=HTTP
2019-07-16 13:10:44.690+0000 INFO [o.n.k.i.DiagnosticsManager] unsupported.dbms.edition=community
2019-07-16 13:10:44.690+0000 INFO [o.n.k.i.DiagnosticsManager] dbms.connector.bolt.enabled=true
2019-07-16 13:10:44.690+0000 INFO [o.n.k.i.DiagnosticsManager] Diagnostics providers:
2019-07-16 13:10:44.690+0000 INFO [o.n.k.i.DiagnosticsManager] org.neo4j.kernel.configuration.Config
2019-07-16 13:10:44.690+0000 INFO [o.n.k.i.DiagnosticsManager] org.neo4j.kernel.info.DiagnosticsManager
2019-07-16 13:10:44.690+0000 INFO [o.n.k.i.DiagnosticsManager] SYSTEM_MEMORY
2019-07-16 13:10:44.690+0000 INFO [o.n.k.i.DiagnosticsManager] JAVA_MEMORY
2019-07-16 13:10:44.690+0000 INFO [o.n.k.i.DiagnosticsManager] OPERATING_SYSTEM
2019-07-16 13:10:44.690+0000 INFO [o.n.k.i.DiagnosticsManager] JAVA_VIRTUAL_MACHINE
2019-07-16 13:10:44.690+0000 INFO [o.n.k.i.DiagnosticsManager] CLASSPATH
2019-07-16 13:10:44.690+0000 INFO [o.n.k.i.DiagnosticsManager] LIBRARY_PATH
2019-07-16 13:10:44.690+0000 INFO [o.n.k.i.DiagnosticsManager] SYSTEM_PROPERTIES
2019-07-16 13:10:44.690+0000 INFO [o.n.k.i.DiagnosticsManager] NETWORK
2019-07-16 13:10:44.690+0000 INFO [o.n.k.i.DiagnosticsManager] System memory information:
2019-07-16 13:10:44.690+0000 INFO [o.n.k.i.DiagnosticsManager] Total Physical memory: 15.88 GB
2019-07-16 13:10:44.690+0000 INFO [o.n.k.i.DiagnosticsManager] Free Physical memory: 7.40 GB
2019-07-16 13:10:44.690+0000 INFO [o.n.k.i.DiagnosticsManager] Committed virtual memory: 341.43 MB
2019-07-16 13:10:44.690+0000 INFO [o.n.k.i.DiagnosticsManager] Total swap space: 44.88 GB
2019-07-16 13:10:44.690+0000 INFO [o.n.k.i.DiagnosticsManager] Free swap space: 30.89 GB
2019-07-16 13:10:44.690+0000 INFO [o.n.k.i.DiagnosticsManager] JVM memory information:
2019-07-16 13:10:44.690+0000 INFO [o.n.k.i.DiagnosticsManager] Free  memory: 45.21 MB
2019-07-16 13:10:44.690+0000 INFO [o.n.k.i.DiagnosticsManager] Total memory: 180.16 MB
2019-07-16 13:10:44.690+0000 INFO [o.n.k.i.DiagnosticsManager] Max   memory: 247.50 MB
2019-07-16 13:10:44.690+0000 INFO [o.n.k.i.DiagnosticsManager] Garbage Collector: Copy: [Eden Space, Survivor Space]
2019-07-16 13:10:44.690+0000 INFO [o.n.k.i.DiagnosticsManager] Garbage Collector: MarkSweepCompact: [Eden Space, Survivor Space, Tenured Gen]
2019-07-16 13:10:44.691+0000 INFO [o.n.k.i.DiagnosticsManager] Memory Pool: Code Cache (Non-heap memory): committed=4.72 MB, used=3.12 MB, max=32.00 MB, threshold=0.00 B
2019-07-16 13:10:44.691+0000 INFO [o.n.k.i.DiagnosticsManager] Memory Pool: Metaspace (Non-heap memory): committed=41.99 MB, used=40.93 MB, max=-1.00 B, threshold=0.00 B
2019-07-16 13:10:44.691+0000 INFO [o.n.k.i.DiagnosticsManager] Memory Pool: Eden Space (Heap memory): committed=49.75 MB, used=10.21 MB, max=68.31 MB, threshold=?
2019-07-16 13:10:44.691+0000 INFO [o.n.k.i.DiagnosticsManager] Memory Pool: Survivor Space (Heap memory): committed=6.19 MB, used=6.19 MB, max=8.50 MB, threshold=?
2019-07-16 13:10:44.691+0000 INFO [o.n.k.i.DiagnosticsManager] Memory Pool: Tenured Gen (Heap memory): committed=124.22 MB, used=118.56 MB, max=170.69 MB, threshold=0.00 B
2019-07-16 13:10:44.691+0000 INFO [o.n.k.i.DiagnosticsManager] Operating system information:
2019-07-16 13:10:44.691+0000 INFO [o.n.k.i.DiagnosticsManager] Operating System: Windows 10; version: 10.0; arch: x86; cpus: 12
2019-07-16 13:10:44.692+0000 INFO [o.n.k.i.DiagnosticsManager] Process id: 16120@MSI
2019-07-16 13:10:44.692+0000 INFO [o.n.k.i.DiagnosticsManager] Byte order: LITTLE_ENDIAN
2019-07-16 13:10:44.692+0000 INFO [o.n.k.i.DiagnosticsManager] Local timezone: GMT+08:00
2019-07-16 13:10:44.692+0000 INFO [o.n.k.i.DiagnosticsManager] JVM information:
2019-07-16 13:10:44.692+0000 INFO [o.n.k.i.DiagnosticsManager] VM Name: Java HotSpot(TM) Client VM
2019-07-16 13:10:44.692+0000 INFO [o.n.k.i.DiagnosticsManager] VM Vendor: Oracle Corporation
2019-07-16 13:10:44.692+0000 INFO [o.n.k.i.DiagnosticsManager] VM Version: 25.60-b23
2019-07-16 13:10:44.692+0000 INFO [o.n.k.i.DiagnosticsManager] JIT compiler: HotSpot Client Compiler
2019-07-16 13:10:44.692+0000 INFO [o.n.k.i.DiagnosticsManager] VM Arguments: [-Dexe4j.semaphoreName=Local\d:_software_neo4j_ce_3.2.1_bin_neo4j-ce.exe, -Dexe4j.isInstall4j=true, -Dexe4j.moduleName=D:\software\Neo4j CE 3.2.1\bin\neo4j-ce.exe, -Dexe4j.tempDir=, -Dexe4j.unextractedPosition=0, -Djava.library.path=C:\Program Files (x86)\Common Files\Oracle\Java\javapath;C:\Program Files\Java\jdk1.8.0_211\jre\bin;C:\Program Files\Java\jdk1.8.0_211\bin;D:\python\Scripts\;D:\python\;C:\Program Files (x86)\Intel\Intel(R) Management Engine Components\iCLS\;C:\Program Files\Intel\Intel(R) Management Engine Components\iCLS\;C:\Windows\system32;C:\Windows;C:\Windows\System32\Wbem;C:\Windows\System32\WindowsPowerShell\v1.0\;C:\Program Files (x86)\Intel\Intel(R) Management Engine Components\DAL;C:\Program Files\Intel\Intel(R) Management Engine Components\DAL;C:\Program Files (x86)\Intel\Intel(R) Management Engine Components\IPT;C:\Program Files\Intel\Intel(R) Management Engine Components\IPT;C:\Program Files (x86)\NVIDIA Corporation\PhysX\Common;C:\WINDOWS\system32;C:\WINDOWS;C:\WINDOWS\System32\Wbem;C:\WINDOWS\System32\WindowsPowerShell\v1.0\;C:\WINDOWS\System32\OpenSSH\;D:\Git\cmd;D:\putty\;D:\software\gradle-5.4.1\bin;D:\node\;C:\Program Files\MySQL\MySQL Server 5.7\bin;D:\spring-boot-cli-2.1.6\spring-2.1.6.RELEASE\bin;E:\NewSoft\apache-groovy-sdk-2.5.7\groovy-2.5.7\bin;C:\Program Files\MySQL\MySQL Shell 8.0\bin\;C:\Users\cafe3165\AppData\Roaming\npm;%USERPROFILE%\AppData\Local\Microsoft\WindowsApps;;d:\software\neo4j ce 3.2.1\jre\bin, -Dexe4j.consoleCodepage=cp0, -Dinstall4j.launcherId=24, -Dinstall4j.swt=false]
2019-07-16 13:10:44.692+0000 INFO [o.n.k.i.DiagnosticsManager] Java classpath:
2019-07-16 13:10:44.696+0000 INFO [o.n.k.i.DiagnosticsManager]  [bootstrap] D:\software\Neo4j CE 3.2.1\jre\lib\jce.jar
2019-07-16 13:10:44.696+0000 INFO [o.n.k.i.DiagnosticsManager]  [bootstrap] D:\software\Neo4j CE 3.2.1\jre\lib\resources.jar
2019-07-16 13:10:44.696+0000 INFO [o.n.k.i.DiagnosticsManager]  [loader.1] file:/D:/software/Neo4j%20CE%203.2.1/jre/lib/ext/sunec.jar
2019-07-16 13:10:44.696+0000 INFO [o.n.k.i.DiagnosticsManager]  [bootstrap] D:\software\Neo4j CE 3.2.1\jre\lib\jsse.jar
2019-07-16 13:10:44.696+0000 INFO [o.n.k.i.DiagnosticsManager]  [loader.0] file:/D:/software/Neo4j%20CE%203.2.1/bin/neo4j-desktop-3.2.1.jar
2019-07-16 13:10:44.696+0000 INFO [o.n.k.i.DiagnosticsManager]  [loader.1] file:/D:/software/Neo4j%20CE%203.2.1/jre/lib/ext/nashorn.jar
2019-07-16 13:10:44.696+0000 INFO [o.n.k.i.DiagnosticsManager]  [bootstrap] D:\software\Neo4j CE 3.2.1\jre\lib\rt.jar
2019-07-16 13:10:44.696+0000 INFO [o.n.k.i.DiagnosticsManager]  [classpath] D:\software\Neo4j CE 3.2.1\.install4j\i4jruntime.jar
2019-07-16 13:10:44.696+0000 INFO [o.n.k.i.DiagnosticsManager]  [loader.0] file:/D:/software/Neo4j%20CE%203.2.1/.install4j/i4jruntime.jar
2019-07-16 13:10:44.696+0000 INFO [o.n.k.i.DiagnosticsManager]  [classpath] D:\software\Neo4j CE 3.2.1\bin\neo4j-desktop-3.2.1.jar
2019-07-16 13:10:44.696+0000 INFO [o.n.k.i.DiagnosticsManager]  [bootstrap] D:\software\Neo4j CE 3.2.1\jre\lib\sunrsasign.jar
2019-07-16 13:10:44.696+0000 INFO [o.n.k.i.DiagnosticsManager]  [loader.1] file:/D:/software/Neo4j%20CE%203.2.1/jre/lib/ext/localedata.jar
2019-07-16 13:10:44.696+0000 INFO [o.n.k.i.DiagnosticsManager]  [loader.1] file:/D:/software/Neo4j%20CE%203.2.1/jre/lib/ext/cldrdata.jar
2019-07-16 13:10:44.696+0000 INFO [o.n.k.i.DiagnosticsManager]  [loader.1] file:/D:/software/Neo4j%20CE%203.2.1/jre/lib/ext/dnsns.jar
2019-07-16 13:10:44.696+0000 INFO [o.n.k.i.DiagnosticsManager]  [loader.1] file:/D:/software/Neo4j%20CE%203.2.1/jre/lib/ext/jaccess.jar
2019-07-16 13:10:44.696+0000 INFO [o.n.k.i.DiagnosticsManager]  [loader.1] file:/D:/software/Neo4j%20CE%203.2.1/jre/lib/ext/sunmscapi.jar
2019-07-16 13:10:44.697+0000 INFO [o.n.k.i.DiagnosticsManager]  [loader.1] file:/D:/software/Neo4j%20CE%203.2.1/jre/lib/ext/jfxrt.jar
2019-07-16 13:10:44.697+0000 INFO [o.n.k.i.DiagnosticsManager]  [loader.1] file:/D:/software/Neo4j%20CE%203.2.1/jre/lib/ext/zipfs.jar
2019-07-16 13:10:44.697+0000 INFO [o.n.k.i.DiagnosticsManager]  [bootstrap] D:\software\Neo4j CE 3.2.1\jre\lib\jfr.jar
2019-07-16 13:10:44.697+0000 INFO [o.n.k.i.DiagnosticsManager]  [loader.1] file:/D:/software/Neo4j%20CE%203.2.1/jre/lib/ext/sunpkcs11.jar
2019-07-16 13:10:44.697+0000 INFO [o.n.k.i.DiagnosticsManager]  [bootstrap] D:\software\Neo4j CE 3.2.1\jre\classes
2019-07-16 13:10:44.697+0000 INFO [o.n.k.i.DiagnosticsManager]  [bootstrap] D:\software\Neo4j CE 3.2.1\jre\lib\charsets.jar
2019-07-16 13:10:44.697+0000 INFO [o.n.k.i.DiagnosticsManager]  [loader.1] file:/D:/software/Neo4j%20CE%203.2.1/jre/lib/ext/access-bridge-32.jar
2019-07-16 13:10:44.697+0000 INFO [o.n.k.i.DiagnosticsManager]  [loader.1] file:/D:/software/Neo4j%20CE%203.2.1/jre/lib/ext/sunjce_provider.jar
2019-07-16 13:10:44.697+0000 INFO [o.n.k.i.DiagnosticsManager] Library path:
2019-07-16 13:10:44.698+0000 INFO [o.n.k.i.DiagnosticsManager] C:\Program Files (x86)\Common Files\Oracle\Java\javapath
2019-07-16 13:10:44.699+0000 INFO [o.n.k.i.DiagnosticsManager] C:\Program Files\Java\jdk1.8.0_211\jre\bin
2019-07-16 13:10:44.700+0000 INFO [o.n.k.i.DiagnosticsManager] C:\Program Files\Java\jdk1.8.0_211\bin
2019-07-16 13:10:44.700+0000 INFO [o.n.k.i.DiagnosticsManager] D:\python\Scripts
2019-07-16 13:10:44.700+0000 INFO [o.n.k.i.DiagnosticsManager] D:\python
2019-07-16 13:10:44.701+0000 INFO [o.n.k.i.DiagnosticsManager] C:\Program Files (x86)\Intel\Intel(R) Management Engine Components\iCLS
2019-07-16 13:10:44.701+0000 INFO [o.n.k.i.DiagnosticsManager] C:\Program Files\Intel\Intel(R) Management Engine Components\iCLS
2019-07-16 13:10:44.702+0000 INFO [o.n.k.i.DiagnosticsManager] C:\Windows\System32
2019-07-16 13:10:44.702+0000 INFO [o.n.k.i.DiagnosticsManager] C:\Windows
2019-07-16 13:10:44.703+0000 INFO [o.n.k.i.DiagnosticsManager] C:\Windows\System32\wbem
2019-07-16 13:10:44.704+0000 INFO [o.n.k.i.DiagnosticsManager] C:\Windows\System32\WindowsPowerShell\v1.0
2019-07-16 13:10:44.704+0000 INFO [o.n.k.i.DiagnosticsManager] C:\Program Files (x86)\Intel\Intel(R) Management Engine Components\DAL
2019-07-16 13:10:44.705+0000 INFO [o.n.k.i.DiagnosticsManager] C:\Program Files\Intel\Intel(R) Management Engine Components\DAL
2019-07-16 13:10:44.706+0000 INFO [o.n.k.i.DiagnosticsManager] C:\Program Files (x86)\Intel\Intel(R) Management Engine Components\IPT
2019-07-16 13:10:44.706+0000 INFO [o.n.k.i.DiagnosticsManager] C:\Program Files\Intel\Intel(R) Management Engine Components\IPT
2019-07-16 13:10:44.707+0000 INFO [o.n.k.i.DiagnosticsManager] C:\Program Files (x86)\NVIDIA Corporation\PhysX\Common
2019-07-16 13:10:44.708+0000 INFO [o.n.k.i.DiagnosticsManager] C:\Windows\System32
2019-07-16 13:10:44.708+0000 INFO [o.n.k.i.DiagnosticsManager] C:\Windows
2019-07-16 13:10:44.708+0000 INFO [o.n.k.i.DiagnosticsManager] C:\Windows\System32\wbem
2019-07-16 13:10:44.709+0000 INFO [o.n.k.i.DiagnosticsManager] C:\Windows\System32\WindowsPowerShell\v1.0
2019-07-16 13:10:44.710+0000 INFO [o.n.k.i.DiagnosticsManager] C:\Windows\System32\OpenSSH
2019-07-16 13:10:44.710+0000 INFO [o.n.k.i.DiagnosticsManager] D:\Git\cmd
2019-07-16 13:10:44.710+0000 INFO [o.n.k.i.DiagnosticsManager] D:\putty
2019-07-16 13:10:44.710+0000 INFO [o.n.k.i.DiagnosticsManager] D:\software\gradle-5.4.1\bin
2019-07-16 13:10:44.710+0000 INFO [o.n.k.i.DiagnosticsManager] D:\node
2019-07-16 13:10:44.711+0000 INFO [o.n.k.i.DiagnosticsManager] C:\Program Files\MySQL\MySQL Server 5.7\bin
2019-07-16 13:10:44.711+0000 INFO [o.n.k.i.DiagnosticsManager] D:\spring-boot-cli-2.1.6\spring-2.1.6.RELEASE\bin
2019-07-16 13:10:44.712+0000 INFO [o.n.k.i.DiagnosticsManager] E:\NewSoft\apache-groovy-sdk-2.5.7\groovy-2.5.7\bin
2019-07-16 13:10:44.712+0000 INFO [o.n.k.i.DiagnosticsManager] C:\Program Files\MySQL\MySQL Shell 8.0\bin
2019-07-16 13:10:44.713+0000 INFO [o.n.k.i.DiagnosticsManager] C:\Users\cafe3165\AppData\Roaming\npm
2019-07-16 13:10:44.713+0000 INFO [o.n.k.i.DiagnosticsManager] D:\software\Neo4j CE 3.2.1\bin\%USERPROFILE%\AppData\Local\Microsoft\WindowsApps
2019-07-16 13:10:44.714+0000 INFO [o.n.k.i.DiagnosticsManager] D:\software\Neo4j CE 3.2.1\bin
2019-07-16 13:10:44.714+0000 INFO [o.n.k.i.DiagnosticsManager] D:\software\Neo4j CE 3.2.1\jre\bin
2019-07-16 13:10:44.714+0000 INFO [o.n.k.i.DiagnosticsManager] System.properties:
2019-07-16 13:10:44.714+0000 INFO [o.n.k.i.DiagnosticsManager] exe4j.moduleName = D:\software\Neo4j CE 3.2.1\bin\neo4j-ce.exe
2019-07-16 13:10:44.714+0000 INFO [o.n.k.i.DiagnosticsManager] exe4j.semaphoreName = Local\d:_software_neo4j_ce_3.2.1_bin_neo4j-ce.exe
2019-07-16 13:10:44.714+0000 INFO [o.n.k.i.DiagnosticsManager] sun.boot.library.path = d:\software\neo4j ce 3.2.1\jre\bin
2019-07-16 13:10:44.714+0000 INFO [o.n.k.i.DiagnosticsManager] exe4j.consoleCodepage = cp0
2019-07-16 13:10:44.714+0000 INFO [o.n.k.i.DiagnosticsManager] path.separator = ;
2019-07-16 13:10:44.714+0000 INFO [o.n.k.i.DiagnosticsManager] file.encoding.pkg = sun.io
2019-07-16 13:10:44.714+0000 INFO [o.n.k.i.DiagnosticsManager] user.country = CN
2019-07-16 13:10:44.714+0000 INFO [o.n.k.i.DiagnosticsManager] user.script = 
2019-07-16 13:10:44.714+0000 INFO [o.n.k.i.DiagnosticsManager] sun.os.patch.level = 
2019-07-16 13:10:44.714+0000 INFO [o.n.k.i.DiagnosticsManager] install4j.exeDir = D:\software\Neo4j CE 3.2.1\bin\
2019-07-16 13:10:44.714+0000 INFO [o.n.k.i.DiagnosticsManager] user.dir = D:\software\Neo4j CE 3.2.1\bin
2019-07-16 13:10:44.714+0000 INFO [o.n.k.i.DiagnosticsManager] user.variant = 
2019-07-16 13:10:44.714+0000 INFO [o.n.k.i.DiagnosticsManager] exe4j.tempDir = 
2019-07-16 13:10:44.714+0000 INFO [o.n.k.i.DiagnosticsManager] sun.jnu.encoding = GBK
2019-07-16 13:10:44.714+0000 INFO [o.n.k.i.DiagnosticsManager] sun.nio.ch.bugLevel = 
2019-07-16 13:10:44.714+0000 INFO [o.n.k.i.DiagnosticsManager] unsupported.dbms.udc.source = desktop
2019-07-16 13:10:44.714+0000 INFO [o.n.k.i.DiagnosticsManager] sun.awt.enableExtraMouseButtons = true
2019-07-16 13:10:44.714+0000 INFO [o.n.k.i.DiagnosticsManager] install4j.launcherId = 24
2019-07-16 13:10:44.714+0000 INFO [o.n.k.i.DiagnosticsManager] sun.management.compiler = HotSpot Client Compiler
2019-07-16 13:10:44.714+0000 INFO [o.n.k.i.DiagnosticsManager] exe4j.isInstall4j = true
2019-07-16 13:10:44.714+0000 INFO [o.n.k.i.DiagnosticsManager] install4j.swt = false
2019-07-16 13:10:44.714+0000 INFO [o.n.k.i.DiagnosticsManager] user.home = C:\Users\cafe3165
2019-07-16 13:10:44.714+0000 INFO [o.n.k.i.DiagnosticsManager] user.timezone = GMT+08:00
2019-07-16 13:10:44.714+0000 INFO [o.n.k.i.DiagnosticsManager] file.encoding = GBK
2019-07-16 13:10:44.714+0000 INFO [o.n.k.i.DiagnosticsManager] user.name = cafe3165
2019-07-16 13:10:44.714+0000 INFO [o.n.k.i.DiagnosticsManager] sun.java.command = D:\software\Neo4j CE 3.2.1\bin\neo4j-ce.exe
2019-07-16 13:10:44.715+0000 INFO [o.n.k.i.DiagnosticsManager] sun.arch.data.model = 32
2019-07-16 13:10:44.715+0000 INFO [o.n.k.i.DiagnosticsManager] exe4j.launchName = D:\software\Neo4j CE 3.2.1\bin\neo4j-ce.exe
2019-07-16 13:10:44.715+0000 INFO [o.n.k.i.DiagnosticsManager] user.language = zh
2019-07-16 13:10:44.715+0000 INFO [o.n.k.i.DiagnosticsManager] awt.toolkit = sun.awt.windows.WToolkit
2019-07-16 13:10:44.715+0000 INFO [o.n.k.i.DiagnosticsManager] exe4j.unextractedPosition = 0
2019-07-16 13:10:44.715+0000 INFO [o.n.k.i.DiagnosticsManager] install4j.appDir = D:\software\Neo4j CE 3.2.1\
2019-07-16 13:10:44.715+0000 INFO [o.n.k.i.DiagnosticsManager] file.separator = \
2019-07-16 13:10:44.715+0000 INFO [o.n.k.i.DiagnosticsManager] sun.io.unicode.encoding = UnicodeLittle
2019-07-16 13:10:44.715+0000 INFO [o.n.k.i.DiagnosticsManager] sun.cpu.endian = little
2019-07-16 13:10:44.715+0000 INFO [o.n.k.i.DiagnosticsManager] sun.desktop = windows
2019-07-16 13:10:44.715+0000 INFO [o.n.k.i.DiagnosticsManager] sun.cpu.isalist = pentium_pro+mmx pentium_pro pentium+mmx pentium i486 i386 i86
2019-07-16 13:10:44.715+0000 INFO [o.n.k.i.DiagnosticsManager] Network information:
2019-07-16 13:10:44.974+0000 INFO [o.n.k.i.DiagnosticsManager] Interface Software Loopback Interface 1:
2019-07-16 13:10:44.974+0000 INFO [o.n.k.i.DiagnosticsManager]     address: 127.0.0.1
2019-07-16 13:10:44.974+0000 INFO [o.n.k.i.DiagnosticsManager]     address: 0:0:0:0:0:0:0:1
2019-07-16 13:10:44.974+0000 INFO [o.n.k.i.DiagnosticsManager] Interface Microsoft Kernel Debug Network Adapter:
2019-07-16 13:10:44.974+0000 INFO [o.n.k.i.DiagnosticsManager] Interface Microsoft 6to4 Adapter:
2019-07-16 13:10:44.974+0000 INFO [o.n.k.i.DiagnosticsManager] Interface WAN Miniport (L2TP):
2019-07-16 13:10:44.974+0000 INFO [o.n.k.i.DiagnosticsManager] Interface Microsoft IP-HTTPS Platform Adapter:
2019-07-16 13:10:44.974+0000 INFO [o.n.k.i.DiagnosticsManager] Interface WAN Miniport (IKEv2):
2019-07-16 13:10:44.974+0000 INFO [o.n.k.i.DiagnosticsManager] Interface Microsoft Wi-Fi Direct Virtual Adapter:
2019-07-16 13:10:44.974+0000 INFO [o.n.k.i.DiagnosticsManager]     address: fe80:0:0:0:9c38:bfdb:8e6c:ede1%wlan0
2019-07-16 13:10:44.974+0000 INFO [o.n.k.i.DiagnosticsManager] Interface Intel(R) Wireless-AC 9560 160MHz:
2019-07-16 13:10:44.974+0000 INFO [o.n.k.i.DiagnosticsManager]     address: 192.168.0.106
2019-07-16 13:10:44.974+0000 INFO [o.n.k.i.DiagnosticsManager]     address: fe80:0:0:0:a82b:554b:6171:407a%wlan1
2019-07-16 13:10:44.974+0000 INFO [o.n.k.i.DiagnosticsManager] Interface WAN Miniport (IPv6):
2019-07-16 13:10:44.974+0000 INFO [o.n.k.i.DiagnosticsManager] Interface WAN Miniport (IP):
2019-07-16 13:10:44.974+0000 INFO [o.n.k.i.DiagnosticsManager] Interface Microsoft Teredo Tunneling Adapter:
2019-07-16 13:10:44.974+0000 INFO [o.n.k.i.DiagnosticsManager] Interface Microsoft Wi-Fi Direct Virtual Adapter #2:
2019-07-16 13:10:44.974+0000 INFO [o.n.k.i.DiagnosticsManager]     address: fe80:0:0:0:8ce3:e940:6e26:c18%wlan2
2019-07-16 13:10:44.974+0000 INFO [o.n.k.i.DiagnosticsManager] Interface Bluetooth Device (Personal Area Network):
2019-07-16 13:10:44.974+0000 INFO [o.n.k.i.DiagnosticsManager] Interface WAN Miniport (Network Monitor):
2019-07-16 13:10:44.974+0000 INFO [o.n.k.i.DiagnosticsManager] Interface WAN Miniport (PPPOE):
2019-07-16 13:10:44.974+0000 INFO [o.n.k.i.DiagnosticsManager] Interface WAN Miniport (PPTP):
2019-07-16 13:10:44.974+0000 INFO [o.n.k.i.DiagnosticsManager] Interface WAN Miniport (SSTP):
2019-07-16 13:10:44.974+0000 INFO [o.n.k.i.DiagnosticsManager] Interface Killer E2500 Gigabit Ethernet Controller:
2019-07-16 13:10:44.974+0000 INFO [o.n.k.i.DiagnosticsManager]     address: 192.168.1.137
2019-07-16 13:10:44.974+0000 INFO [o.n.k.i.DiagnosticsManager]     address: fe80:0:0:0:93e:2732:1773:fb07%eth5
2019-07-16 13:10:44.975+0000 INFO [o.n.k.i.DiagnosticsManager] Interface Killer E2500 Gigabit Ethernet Controller-WFP Native MAC Layer LightWeight Filter-0000:
2019-07-16 13:10:44.975+0000 INFO [o.n.k.i.DiagnosticsManager] Interface Killer E2500 Gigabit Ethernet Controller-QoS Packet Scheduler-0000:
2019-07-16 13:10:44.975+0000 INFO [o.n.k.i.DiagnosticsManager] Interface Killer E2500 Gigabit Ethernet Controller-WFP 802.3 MAC Layer LightWeight Filter-0000:
2019-07-16 13:10:44.975+0000 INFO [o.n.k.i.DiagnosticsManager] Interface Intel(R) Wireless-AC 9560 160MHz-WFP Native MAC Layer LightWeight Filter-0000:
2019-07-16 13:10:44.975+0000 INFO [o.n.k.i.DiagnosticsManager] Interface Intel(R) Wireless-AC 9560 160MHz-Virtual WiFi Filter Driver-0000:
2019-07-16 13:10:44.975+0000 INFO [o.n.k.i.DiagnosticsManager] Interface Intel(R) Wireless-AC 9560 160MHz-Native WiFi Filter Driver-0000:
2019-07-16 13:10:44.975+0000 INFO [o.n.k.i.DiagnosticsManager] Interface Intel(R) Wireless-AC 9560 160MHz-QoS Packet Scheduler-0000:
2019-07-16 13:10:44.975+0000 INFO [o.n.k.i.DiagnosticsManager] Interface Intel(R) Wireless-AC 9560 160MHz-WFP 802.3 MAC Layer LightWeight Filter-0000:
2019-07-16 13:10:44.975+0000 INFO [o.n.k.i.DiagnosticsManager] Interface Microsoft Wi-Fi Direct Virtual Adapter-WFP Native MAC Layer LightWeight Filter-0000:
2019-07-16 13:10:44.975+0000 INFO [o.n.k.i.DiagnosticsManager] Interface Microsoft Wi-Fi Direct Virtual Adapter-Native WiFi Filter Driver-0000:
2019-07-16 13:10:44.975+0000 INFO [o.n.k.i.DiagnosticsManager] Interface WAN Miniport (IP)-WFP Native MAC Layer LightWeight Filter-0000:
2019-07-16 13:10:44.975+0000 INFO [o.n.k.i.DiagnosticsManager] Interface WAN Miniport (IP)-QoS Packet Scheduler-0000:
2019-07-16 13:10:44.975+0000 INFO [o.n.k.i.DiagnosticsManager] Interface WAN Miniport (IPv6)-WFP Native MAC Layer LightWeight Filter-0000:
2019-07-16 13:10:44.975+0000 INFO [o.n.k.i.DiagnosticsManager] Interface WAN Miniport (IPv6)-QoS Packet Scheduler-0000:
2019-07-16 13:10:44.975+0000 INFO [o.n.k.i.DiagnosticsManager] Interface WAN Miniport (Network Monitor)-WFP Native MAC Layer LightWeight Filter-0000:
2019-07-16 13:10:44.975+0000 INFO [o.n.k.i.DiagnosticsManager] Interface WAN Miniport (Network Monitor)-QoS Packet Scheduler-0000:
2019-07-16 13:10:44.975+0000 INFO [o.n.k.i.DiagnosticsManager] Interface Microsoft Wi-Fi Direct Virtual Adapter-QoS Packet Scheduler-0000:
2019-07-16 13:10:44.975+0000 INFO [o.n.k.i.DiagnosticsManager] Interface Microsoft Wi-Fi Direct Virtual Adapter-WFP 802.3 MAC Layer LightWeight Filter-0000:
2019-07-16 13:10:44.975+0000 INFO [o.n.k.i.DiagnosticsManager] Interface Microsoft Wi-Fi Direct Virtual Adapter #2-WFP Native MAC Layer LightWeight Filter-0000:
2019-07-16 13:10:44.975+0000 INFO [o.n.k.i.DiagnosticsManager] Interface Microsoft Wi-Fi Direct Virtual Adapter #2-Native WiFi Filter Driver-0000:
2019-07-16 13:10:44.975+0000 INFO [o.n.k.i.DiagnosticsManager] Interface Microsoft Wi-Fi Direct Virtual Adapter #2-QoS Packet Scheduler-0000:
2019-07-16 13:10:44.975+0000 INFO [o.n.k.i.DiagnosticsManager] Interface Microsoft Wi-Fi Direct Virtual Adapter #2-WFP 802.3 MAC Layer LightWeight Filter-0000:
2019-07-16 13:10:44.975+0000 INFO [o.n.k.i.DiagnosticsManager] --- INITIALIZED diagnostics END ---
2019-07-16 13:10:44.982+0000 INFO [o.n.b.v.r.WorkerFactory] Bolt Server extension loaded.
2019-07-16 13:10:44.982+0000 INFO [o.n.b.v.r.WorkerFactory] Bolt enabled on 127.0.0.1:7687.
2019-07-16 13:10:44.987+0000 INFO [o.n.k.i.s.f.RecordFormatSelector] Selected format 'RecordFormat:StandardV3_2[v0.A.8]' for the new store
2019-07-16 13:10:45.235+0000 INFO [o.n.k.i.a.i.IndexingService] IndexingService.init: indexes not specifically mentioned above are null
2019-07-16 13:10:45.235+0000 INFO [o.n.k.i.i.l.NativeLabelScanStore] No scan store found, this might just be first use. Preparing to rebuild.
2019-07-16 13:10:45.243+0000 INFO [o.n.k.NeoStoreDataSource] Opened logical log [D:\idea_workspace\littletest2\neo4jAll\neostore.transaction.db.0] version=0, lastTxId=1 (clean)
2019-07-16 13:10:45.244+0000 INFO [o.n.k.NeoStoreDataSource] No commits found after last check point (which is at <no log position given>)
2019-07-16 13:10:45.245+0000 WARN [o.n.k.i.s.MetaDataStore] Missing counts store, rebuilding it.
2019-07-16 13:10:45.362+0000 WARN [o.n.k.i.s.MetaDataStore] Counts store rebuild completed.
2019-07-16 13:10:45.369+0000 INFO [o.n.k.i.a.i.IndexingService] IndexingService.start: indexes not specifically mentioned above are null
2019-07-16 13:10:45.369+0000 INFO [o.n.k.i.i.l.NativeLabelScanStore] Rebuilding scan store, this may take a while
2019-07-16 13:10:45.382+0000 INFO [o.n.k.i.i.l.NativeLabelScanStore] Scan store rebuilt (roughly 0 nodes)
2019-07-16 13:10:45.382+0000 INFO [o.n.k.i.DatabaseHealth] Database health set to OK
2019-07-16 13:10:45.399+0000 INFO [o.n.k.AvailabilityGuard] Fulfilling of requirement makes database available: Database available
2019-07-16 13:10:45.399+0000 INFO [o.n.k.i.f.GraphDatabaseFacadeFactory] Database is now ready
2019-07-16 13:10:45.399+0000 INFO [o.n.k.i.DiagnosticsManager] --- STARTED diagnostics for KernelDiagnostics:Versions START ---
2019-07-16 13:10:45.399+0000 INFO [o.n.k.i.DiagnosticsManager] Graph Database: community single StoreId{creationTime=1563282645222, randomId=4667458486249308387, storeVersion=15813456178476550, upgradeTime=1563282645222, upgradeId=1}
2019-07-16 13:10:45.400+0000 INFO [o.n.k.i.DiagnosticsManager] Kernel version: 3.2.1
2019-07-16 13:10:45.400+0000 INFO [o.n.k.i.DiagnosticsManager] --- STARTED diagnostics for KernelDiagnostics:Versions END ---
2019-07-16 13:10:45.400+0000 INFO [o.n.k.i.DiagnosticsManager] --- STARTED diagnostics for NEO_STORE_VERSIONS START ---
2019-07-16 13:10:45.400+0000 INFO [o.n.k.i.DiagnosticsManager] Store versions:
2019-07-16 13:10:45.400+0000 INFO [o.n.k.i.DiagnosticsManager] Store versions:
2019-07-16 13:10:45.400+0000 INFO [o.n.k.i.DiagnosticsManager]   ArrayPropertyStore v0.A.8
2019-07-16 13:10:45.400+0000 INFO [o.n.k.i.DiagnosticsManager]   NodeStore v0.A.8
2019-07-16 13:10:45.400+0000 INFO [o.n.k.i.DiagnosticsManager]   StringPropertyStore v0.A.8
2019-07-16 13:10:45.400+0000 INFO [o.n.k.i.DiagnosticsManager]   PropertyIndexStore v0.A.8
2019-07-16 13:10:45.400+0000 INFO [o.n.k.i.DiagnosticsManager]   StringPropertyStore v0.A.8
2019-07-16 13:10:45.400+0000 INFO [o.n.k.i.DiagnosticsManager]   ArrayPropertyStore v0.A.8
2019-07-16 13:10:45.400+0000 INFO [o.n.k.i.DiagnosticsManager]   PropertyStore v0.A.8
2019-07-16 13:10:45.400+0000 INFO [o.n.k.i.DiagnosticsManager]   RelationshipStore v0.A.8
2019-07-16 13:10:45.400+0000 INFO [o.n.k.i.DiagnosticsManager]   StringPropertyStore v0.A.8
2019-07-16 13:10:45.400+0000 INFO [o.n.k.i.DiagnosticsManager]   RelationshipTypeStore v0.A.8
2019-07-16 13:10:45.400+0000 INFO [o.n.k.i.DiagnosticsManager]   StringPropertyStore v0.A.8
2019-07-16 13:10:45.400+0000 INFO [o.n.k.i.DiagnosticsManager]   LabelTokenStore v0.A.8
2019-07-16 13:10:45.400+0000 INFO [o.n.k.i.DiagnosticsManager]   SchemaStore v0.A.8
2019-07-16 13:10:45.400+0000 INFO [o.n.k.i.DiagnosticsManager]   RelationshipGroupStore v0.A.8
2019-07-16 13:10:45.400+0000 INFO [o.n.k.i.DiagnosticsManager]   NeoStore v0.A.8
2019-07-16 13:10:45.400+0000 INFO [o.n.k.i.DiagnosticsManager] --- STARTED diagnostics for NEO_STORE_VERSIONS END ---
2019-07-16 13:10:45.400+0000 INFO [o.n.k.i.DiagnosticsManager] --- STARTED diagnostics for NEO_STORE_ID_USAGE START ---
2019-07-16 13:10:45.400+0000 INFO [o.n.k.i.DiagnosticsManager] Id usage:
2019-07-16 13:10:45.400+0000 INFO [o.n.k.i.DiagnosticsManager] Id usage:
2019-07-16 13:10:45.401+0000 INFO [o.n.k.i.DiagnosticsManager]   ArrayPropertyStore: used=1 high=0
2019-07-16 13:10:45.401+0000 INFO [o.n.k.i.DiagnosticsManager]   NodeStore: used=0 high=-1
2019-07-16 13:10:45.401+0000 INFO [o.n.k.i.DiagnosticsManager]   StringPropertyStore: used=1 high=0
2019-07-16 13:10:45.401+0000 INFO [o.n.k.i.DiagnosticsManager]   PropertyIndexStore: used=0 high=-1
2019-07-16 13:10:45.401+0000 INFO [o.n.k.i.DiagnosticsManager]   StringPropertyStore: used=1 high=0
2019-07-16 13:10:45.401+0000 INFO [o.n.k.i.DiagnosticsManager]   ArrayPropertyStore: used=1 high=0
2019-07-16 13:10:45.401+0000 INFO [o.n.k.i.DiagnosticsManager]   PropertyStore: used=0 high=-1
2019-07-16 13:10:45.401+0000 INFO [o.n.k.i.DiagnosticsManager]   RelationshipStore: used=0 high=-1
2019-07-16 13:10:45.401+0000 INFO [o.n.k.i.DiagnosticsManager]   StringPropertyStore: used=1 high=0
2019-07-16 13:10:45.401+0000 INFO [o.n.k.i.DiagnosticsManager]   RelationshipTypeStore: used=0 high=-1
2019-07-16 13:10:45.401+0000 INFO [o.n.k.i.DiagnosticsManager]   StringPropertyStore: used=1 high=0
2019-07-16 13:10:45.401+0000 INFO [o.n.k.i.DiagnosticsManager]   LabelTokenStore: used=0 high=-1
2019-07-16 13:10:45.401+0000 INFO [o.n.k.i.DiagnosticsManager]   SchemaStore: used=1 high=0
2019-07-16 13:10:45.401+0000 INFO [o.n.k.i.DiagnosticsManager]   RelationshipGroupStore: used=1 high=0
2019-07-16 13:10:45.401+0000 INFO [o.n.k.i.DiagnosticsManager]   NeoStore: used=15 high=14
2019-07-16 13:10:45.401+0000 INFO [o.n.k.i.DiagnosticsManager] --- STARTED diagnostics for NEO_STORE_ID_USAGE END ---
2019-07-16 13:10:45.401+0000 INFO [o.n.k.i.DiagnosticsManager] --- STARTED diagnostics for NEO_STORE_RECORDS START ---
2019-07-16 13:10:45.401+0000 INFO [o.n.k.i.DiagnosticsManager] Neostore records:
2019-07-16 13:10:45.401+0000 INFO [o.n.k.i.DiagnosticsManager] TIME (Creation time): 1563282645222
2019-07-16 13:10:45.401+0000 INFO [o.n.k.i.DiagnosticsManager] RANDOM_NUMBER (Random number for store id): 4667458486249308387
2019-07-16 13:10:45.401+0000 INFO [o.n.k.i.DiagnosticsManager] LOG_VERSION (Current log version): 0
2019-07-16 13:10:45.402+0000 INFO [o.n.k.i.DiagnosticsManager] LAST_TRANSACTION_ID (Last committed transaction): 1
2019-07-16 13:10:45.402+0000 INFO [o.n.k.i.DiagnosticsManager] STORE_VERSION (Store format version): 15813456178476550
2019-07-16 13:10:45.402+0000 INFO [o.n.k.i.DiagnosticsManager] FIRST_GRAPH_PROPERTY (First property record containing graph properties): -1
2019-07-16 13:10:45.402+0000 INFO [o.n.k.i.DiagnosticsManager] LAST_CONSTRAINT_TRANSACTION (Last committed transaction containing constraint changes): 0
2019-07-16 13:10:45.402+0000 INFO [o.n.k.i.DiagnosticsManager] UPGRADE_TRANSACTION_ID (Transaction id most recent upgrade was performed at): 1
2019-07-16 13:10:45.402+0000 INFO [o.n.k.i.DiagnosticsManager] UPGRADE_TIME (Time of last upgrade): 1563282645222
2019-07-16 13:10:45.402+0000 INFO [o.n.k.i.DiagnosticsManager] LAST_TRANSACTION_CHECKSUM (Checksum of last committed transaction): 0
2019-07-16 13:10:45.402+0000 INFO [o.n.k.i.DiagnosticsManager] UPGRADE_TRANSACTION_CHECKSUM (Checksum of transaction id the most recent upgrade was performed at): 0
2019-07-16 13:10:45.402+0000 INFO [o.n.k.i.DiagnosticsManager] LAST_CLOSED_TRANSACTION_LOG_VERSION (Log version where the last transaction commit entry has been written into): 0
2019-07-16 13:10:45.402+0000 INFO [o.n.k.i.DiagnosticsManager] LAST_CLOSED_TRANSACTION_LOG_BYTE_OFFSET (Byte offset in the log file where the last transaction commit entry has been written into): 16
2019-07-16 13:10:45.402+0000 INFO [o.n.k.i.DiagnosticsManager] LAST_TRANSACTION_COMMIT_TIMESTAMP (Commit time timestamp for last committed transaction): 0
2019-07-16 13:10:45.402+0000 INFO [o.n.k.i.DiagnosticsManager] UPGRADE_TRANSACTION_COMMIT_TIMESTAMP (Commit timestamp of transaction the most recent upgrade was performed at): 0
2019-07-16 13:10:45.402+0000 INFO [o.n.k.i.DiagnosticsManager] --- STARTED diagnostics for NEO_STORE_RECORDS END ---
2019-07-16 13:10:45.402+0000 INFO [o.n.k.i.DiagnosticsManager] --- STARTED diagnostics for TRANSACTION_RANGE START ---
2019-07-16 13:10:45.402+0000 INFO [o.n.k.i.DiagnosticsManager] Transaction log:
2019-07-16 13:10:45.403+0000 INFO [o.n.k.i.DiagnosticsManager] No transactions found in any log
2019-07-16 13:10:45.403+0000 INFO [o.n.k.i.DiagnosticsManager] --- STARTED diagnostics for TRANSACTION_RANGE END ---
2019-07-16 13:10:45.403+0000 INFO [o.n.k.i.DiagnosticsManager] --- STARTED diagnostics for KernelDiagnostics:StoreFiles START ---
2019-07-16 13:10:45.405+0000 INFO [o.n.k.i.DiagnosticsManager] Disk space on partition (Total / Free / Free %): 196283985920 / 144619634688 / 73
Storage files: (filename : modification date - size)
2019-07-16 13:10:45.405+0000 INFO [o.n.k.i.DiagnosticsManager]   certificates:
2019-07-16 13:10:45.405+0000 INFO [o.n.k.i.DiagnosticsManager]     neo4j.cert: 2019-07-16T21:10:44+0800 - 1002.00 B
2019-07-16 13:10:45.405+0000 INFO [o.n.k.i.DiagnosticsManager]     neo4j.key: 2019-07-16T21:10:44+0800 - 1.70 kB
2019-07-16 13:10:45.405+0000 INFO [o.n.k.i.DiagnosticsManager]   - Total: 2019-07-16T21:10:44+0800 - 2.67 kB
2019-07-16 13:10:45.405+0000 INFO [o.n.k.i.DiagnosticsManager]   data:
2019-07-16 13:10:45.406+0000 INFO [o.n.k.i.DiagnosticsManager]     dbms:
2019-07-16 13:10:45.406+0000 INFO [o.n.k.i.DiagnosticsManager]       auth: 2019-07-16T21:10:45+0800 - 137.00 B
2019-07-16 13:10:45.406+0000 INFO [o.n.k.i.DiagnosticsManager]     - Total: 2019-07-16T21:10:45+0800 - 137.00 B
2019-07-16 13:10:45.406+0000 INFO [o.n.k.i.DiagnosticsManager]   - Total: 2019-07-16T21:10:45+0800 - 137.00 B
2019-07-16 13:10:45.406+0000 INFO [o.n.k.i.DiagnosticsManager]   index:
2019-07-16 13:10:45.406+0000 INFO [o.n.k.i.DiagnosticsManager]   - Total: 2019-07-16T21:10:45+0800 - 0.00 B
2019-07-16 13:10:45.406+0000 INFO [o.n.k.i.DiagnosticsManager]   logs:
2019-07-16 13:10:45.407+0000 INFO [o.n.k.i.DiagnosticsManager]     debug.log: 2019-07-16T21:10:45+0800 - 33.59 kB
2019-07-16 13:10:45.407+0000 INFO [o.n.k.i.DiagnosticsManager]   - Total: 2019-07-16T21:10:44+0800 - 33.59 kB
2019-07-16 13:10:45.407+0000 INFO [o.n.k.i.DiagnosticsManager]   neostore: 2019-07-16T21:10:45+0800 - 8.00 kB
2019-07-16 13:10:45.407+0000 INFO [o.n.k.i.DiagnosticsManager]   neostore.counts.db.a: 2019-07-16T21:10:45+0800 - 96.00 B
2019-07-16 13:10:45.407+0000 INFO [o.n.k.i.DiagnosticsManager]   neostore.id: 2019-07-16T21:10:45+0800 - 9.00 B
2019-07-16 13:10:45.408+0000 INFO [o.n.k.i.DiagnosticsManager]   neostore.labelscanstore.db: 2019-07-16T21:10:45+0800 - 40.00 kB
2019-07-16 13:10:45.408+0000 INFO [o.n.k.i.DiagnosticsManager]   neostore.labeltokenstore.db: 2019-07-16T21:10:45+0800 - 0.00 B
2019-07-16 13:10:45.408+0000 INFO [o.n.k.i.DiagnosticsManager]   neostore.labeltokenstore.db.id: 2019-07-16T21:10:45+0800 - 9.00 B
2019-07-16 13:10:45.408+0000 INFO [o.n.k.i.DiagnosticsManager]   neostore.labeltokenstore.db.names: 2019-07-16T21:10:45+0800 - 8.00 kB
2019-07-16 13:10:45.408+0000 INFO [o.n.k.i.DiagnosticsManager]   neostore.labeltokenstore.db.names.id: 2019-07-16T21:10:45+0800 - 9.00 B
2019-07-16 13:10:45.408+0000 INFO [o.n.k.i.DiagnosticsManager]   neostore.nodestore.db: 2019-07-16T21:10:45+0800 - 0.00 B
2019-07-16 13:10:45.408+0000 INFO [o.n.k.i.DiagnosticsManager]   neostore.nodestore.db.id: 2019-07-16T21:10:45+0800 - 9.00 B
2019-07-16 13:10:45.409+0000 INFO [o.n.k.i.DiagnosticsManager]   neostore.nodestore.db.labels: 2019-07-16T21:10:44+0800 - 8.00 kB
2019-07-16 13:10:45.409+0000 INFO [o.n.k.i.DiagnosticsManager]   neostore.nodestore.db.labels.id: 2019-07-16T21:10:45+0800 - 9.00 B
2019-07-16 13:10:45.409+0000 INFO [o.n.k.i.DiagnosticsManager]   neostore.propertystore.db: 2019-07-16T21:10:45+0800 - 0.00 B
2019-07-16 13:10:45.409+0000 INFO [o.n.k.i.DiagnosticsManager]   neostore.propertystore.db.arrays: 2019-07-16T21:10:45+0800 - 8.00 kB
2019-07-16 13:10:45.409+0000 INFO [o.n.k.i.DiagnosticsManager]   neostore.propertystore.db.arrays.id: 2019-07-16T21:10:45+0800 - 9.00 B
2019-07-16 13:10:45.409+0000 INFO [o.n.k.i.DiagnosticsManager]   neostore.propertystore.db.id: 2019-07-16T21:10:45+0800 - 9.00 B
2019-07-16 13:10:45.410+0000 INFO [o.n.k.i.DiagnosticsManager]   neostore.propertystore.db.index: 2019-07-16T21:10:45+0800 - 0.00 B
2019-07-16 13:10:45.410+0000 INFO [o.n.k.i.DiagnosticsManager]   neostore.propertystore.db.index.id: 2019-07-16T21:10:45+0800 - 9.00 B
2019-07-16 13:10:45.410+0000 INFO [o.n.k.i.DiagnosticsManager]   neostore.propertystore.db.index.keys: 2019-07-16T21:10:45+0800 - 8.00 kB
2019-07-16 13:10:45.410+0000 INFO [o.n.k.i.DiagnosticsManager]   neostore.propertystore.db.index.keys.id: 2019-07-16T21:10:45+0800 - 9.00 B
2019-07-16 13:10:45.410+0000 INFO [o.n.k.i.DiagnosticsManager]   neostore.propertystore.db.strings: 2019-07-16T21:10:45+0800 - 8.00 kB
2019-07-16 13:10:45.410+0000 INFO [o.n.k.i.DiagnosticsManager]   neostore.propertystore.db.strings.id: 2019-07-16T21:10:45+0800 - 9.00 B
2019-07-16 13:10:45.411+0000 INFO [o.n.k.i.DiagnosticsManager]   neostore.relationshipgroupstore.db: 2019-07-16T21:10:45+0800 - 8.00 kB
2019-07-16 13:10:45.411+0000 INFO [o.n.k.i.DiagnosticsManager]   neostore.relationshipgroupstore.db.id: 2019-07-16T21:10:45+0800 - 9.00 B
2019-07-16 13:10:45.411+0000 INFO [o.n.k.i.DiagnosticsManager]   neostore.relationshipstore.db: 2019-07-16T21:10:45+0800 - 0.00 B
2019-07-16 13:10:45.411+0000 INFO [o.n.k.i.DiagnosticsManager]   neostore.relationshipstore.db.id: 2019-07-16T21:10:45+0800 - 9.00 B
2019-07-16 13:10:45.411+0000 INFO [o.n.k.i.DiagnosticsManager]   neostore.relationshiptypestore.db: 2019-07-16T21:10:45+0800 - 0.00 B
2019-07-16 13:10:45.411+0000 INFO [o.n.k.i.DiagnosticsManager]   neostore.relationshiptypestore.db.id: 2019-07-16T21:10:45+0800 - 9.00 B
2019-07-16 13:10:45.412+0000 INFO [o.n.k.i.DiagnosticsManager]   neostore.relationshiptypestore.db.names: 2019-07-16T21:10:45+0800 - 8.00 kB
2019-07-16 13:10:45.412+0000 INFO [o.n.k.i.DiagnosticsManager]   neostore.relationshiptypestore.db.names.id: 2019-07-16T21:10:45+0800 - 9.00 B
2019-07-16 13:10:45.412+0000 INFO [o.n.k.i.DiagnosticsManager]   neostore.schemastore.db: 2019-07-16T21:10:45+0800 - 8.00 kB
2019-07-16 13:10:45.412+0000 INFO [o.n.k.i.DiagnosticsManager]   neostore.schemastore.db.id: 2019-07-16T21:10:45+0800 - 9.00 B
2019-07-16 13:10:45.412+0000 INFO [o.n.k.i.DiagnosticsManager]   neostore.transaction.db.0: 2019-07-16T21:10:45+0800 - 16.00 B
2019-07-16 13:10:45.412+0000 INFO [o.n.k.i.DiagnosticsManager]   store_lock: 2019-07-16T21:10:44+0800 - 0.00 B
2019-07-16 13:10:45.412+0000 INFO [o.n.k.i.DiagnosticsManager] --- STARTED diagnostics for KernelDiagnostics:StoreFiles END ---
2019-07-16 13:10:45.428+0000 INFO [o.n.k.i.DiagnosticsManager] --- SERVER STARTED START ---
2019-07-16 13:10:46.111+0000 INFO [o.n.k.i.DiagnosticsManager] --- SERVER STARTED END ---
2019-07-16 13:11:42.927+0000 INFO [o.n.c.i.ExecutionEngine] Discarded stale query from the query cache: 
CALL db.labels() YIELD label
WITH COLLECT(label) AS labels
RETURN 'labels' as a, labels as result
UNION
CALL db.relationshipTypes() YIELD relationshipType
WITH COLLECT(relationshipType) AS relationshipTypes
RETURN 'relationshipTypes' as a, relationshipTypes as result
UNION
CALL db.propertyKeys() YIELD propertyKey
WITH COLLECT(propertyKey) AS propertyKeys
RETURN 'propertyKeys' as a, propertyKeys as result
UNION
CALL dbms.functions() YIELD name, signature, description
WITH collect({name: name, signature: signature, description: description}) as functions
RETURN 'functions' as a, functions AS result
UNION
CALL dbms.procedures() YIELD name, signature, description
WITH collect({name: name, signature: signature, description: description}) as procedures
RETURN 'procedures' as a, procedures as result

2019-07-16 13:11:42.930+0000 INFO [o.n.c.i.CommunityCompatibilityFactory] Discarded stale query from the query cache: CALL db.labels() YIELD label
WITH COLLECT(label) AS labels
RETURN 'labels' as a, labels as result
UNION
CALL db.relationshipTypes() YIELD relationshipType
WITH COLLECT(relationshipType) AS relationshipTypes
RETURN 'relationshipTypes' as a, relationshipTypes as result
UNION
CALL db.propertyKeys() YIELD propertyKey
WITH COLLECT(propertyKey) AS propertyKeys
RETURN 'propertyKeys' as a, propertyKeys as result
UNION
CALL dbms.functions() YIELD name, signature, description
WITH collect({name: name, signature: signature, description: description}) as functions
RETURN 'functions' as a, functions AS result
UNION
CALL dbms.procedures() YIELD name, signature, description
WITH collect({name: name, signature: signature, description: description}) as procedures
RETURN 'procedures' as a, procedures as result

2019-07-16 13:12:19.426+0000 INFO [o.n.c.i.ExecutionEngine] Discarded stale query from the query cache: MATCH (a)-[r]->(b) WHERE id(a) IN $existingNodeIds AND id(b) IN $newNodeIds RETURN r;
2019-07-16 13:12:19.426+0000 INFO [o.n.c.i.CommunityCompatibilityFactory] Discarded stale query from the query cache: MATCH (a)-[r]->(b) WHERE id(a) IN $existingNodeIds AND id(b) IN $newNodeIds RETURN r;
2019-07-16 13:16:10.719+0000 INFO [o.n.k.i.f.GraphDatabaseFacadeFactory] Shutdown started
2019-07-16 13:16:10.719+0000 INFO [o.n.k.i.f.GraphDatabaseFacadeFactory] Database is now unavailable
2019-07-16 13:16:10.723+0000 INFO [o.n.k.i.t.l.c.CheckPointerImpl] Check Pointing triggered by database shutdown [41]:  Starting check pointing...
2019-07-16 13:16:10.723+0000 INFO [o.n.k.i.t.l.c.CheckPointerImpl] Check Pointing triggered by database shutdown [41]:  Starting store flush...
2019-07-16 13:16:10.737+0000 INFO [o.n.k.i.s.c.CountsTracker] About to rotate counts store at transaction 41 to [D:\idea_workspace\littletest2\neo4jAll\neostore.counts.db.b], from [D:\idea_workspace\littletest2\neo4jAll\neostore.counts.db.a].
2019-07-16 13:16:10.741+0000 INFO [o.n.k.i.s.c.CountsTracker] Successfully rotated counts store at transaction 41 to [D:\idea_workspace\littletest2\neo4jAll\neostore.counts.db.b], from [D:\idea_workspace\littletest2\neo4jAll\neostore.counts.db.a].
2019-07-16 13:16:10.759+0000 INFO [o.n.k.i.t.l.c.CheckPointerImpl] Check Pointing triggered by database shutdown [41]:  Store flush completed
2019-07-16 13:16:10.759+0000 INFO [o.n.k.i.t.l.c.CheckPointerImpl] Check Pointing triggered by database shutdown [41]:  Starting appending check point entry into the tx log...
2019-07-16 13:16:10.760+0000 INFO [o.n.k.i.t.l.c.CheckPointerImpl] Check Pointing triggered by database shutdown [41]:  Appending check point entry into the tx log completed
2019-07-16 13:16:10.761+0000 INFO [o.n.k.i.t.l.c.CheckPointerImpl] Check Pointing triggered by database shutdown [41]:  Check pointing completed
2019-07-16 13:16:10.761+0000 INFO [o.n.k.i.t.l.p.LogPruningImpl] Log Rotation [0]:  Starting log pruning.
2019-07-16 13:16:10.761+0000 INFO [o.n.k.i.t.l.p.LogPruningImpl] Log Rotation [0]:  Log pruning complete.
2019-07-16 13:16:10.872+0000 INFO [o.n.k.i.DiagnosticsManager] --- STOPPING diagnostics START ---
2019-07-16 13:16:10.872+0000 INFO [o.n.k.i.DiagnosticsManager] --- STOPPING diagnostics END ---
2019-07-16 15:15:31.775+0000 WARN [o.n.i.p.PageCache] The dbms.memory.pagecache.size setting has not been configured. It is recommended that this setting is always explicitly configured, to ensure the system has a balanced configuration. Until then, a computed heuristic value of 8430112768 bytes will be used instead. 
2019-07-16 15:15:31.982+0000 INFO [o.n.k.i.f.CommunityEditionModule] No locking implementation specified, defaulting to 'community'
2019-07-16 15:15:32.117+0000 INFO [o.n.k.AvailabilityGuard] Requirement makes database unavailable: Database available
2019-07-16 15:15:32.133+0000 INFO [o.n.k.i.DiagnosticsManager] --- INITIALIZED diagnostics START ---
2019-07-16 15:15:32.133+0000 INFO [o.n.k.i.DiagnosticsManager] Neo4j Kernel properties:
2019-07-16 15:15:32.133+0000 INFO [o.n.k.i.DiagnosticsManager] dbms.connector.http.enabled=true
2019-07-16 15:15:32.134+0000 INFO [o.n.k.i.DiagnosticsManager] dbms.security.auth_enabled=true
2019-07-16 15:15:32.134+0000 INFO [o.n.k.i.DiagnosticsManager] dbms.connector.bolt.type=BOLT
2019-07-16 15:15:32.134+0000 INFO [o.n.k.i.DiagnosticsManager] unsupported.dbms.directories.neo4j_home=E:\ideaworkspace\littletest\neo4jAll
2019-07-16 15:15:32.134+0000 INFO [o.n.k.i.DiagnosticsManager] dbms.directories.import=import
2019-07-16 15:15:32.134+0000 INFO [o.n.k.i.DiagnosticsManager] dbms.connector.https.enabled=true
2019-07-16 15:15:32.134+0000 INFO [o.n.k.i.DiagnosticsManager] dbms.connector.http.type=HTTP
2019-07-16 15:15:32.134+0000 INFO [o.n.k.i.DiagnosticsManager] unsupported.dbms.directories.database=E:\ideaworkspace\littletest\neo4jAll
2019-07-16 15:15:32.134+0000 INFO [o.n.k.i.DiagnosticsManager] dbms.logs.http.enabled=false
2019-07-16 15:15:32.134+0000 INFO [o.n.k.i.DiagnosticsManager] dbms.connector.https.type=HTTP
2019-07-16 15:15:32.134+0000 INFO [o.n.k.i.DiagnosticsManager] unsupported.dbms.edition=community
2019-07-16 15:15:32.134+0000 INFO [o.n.k.i.DiagnosticsManager] dbms.connector.bolt.enabled=true
2019-07-16 15:15:32.134+0000 INFO [o.n.k.i.DiagnosticsManager] Diagnostics providers:
2019-07-16 15:15:32.134+0000 INFO [o.n.k.i.DiagnosticsManager] org.neo4j.kernel.configuration.Config
2019-07-16 15:15:32.134+0000 INFO [o.n.k.i.DiagnosticsManager] org.neo4j.kernel.info.DiagnosticsManager
2019-07-16 15:15:32.134+0000 INFO [o.n.k.i.DiagnosticsManager] SYSTEM_MEMORY
2019-07-16 15:15:32.134+0000 INFO [o.n.k.i.DiagnosticsManager] JAVA_MEMORY
2019-07-16 15:15:32.134+0000 INFO [o.n.k.i.DiagnosticsManager] OPERATING_SYSTEM
2019-07-16 15:15:32.134+0000 INFO [o.n.k.i.DiagnosticsManager] JAVA_VIRTUAL_MACHINE
2019-07-16 15:15:32.134+0000 INFO [o.n.k.i.DiagnosticsManager] CLASSPATH
2019-07-16 15:15:32.134+0000 INFO [o.n.k.i.DiagnosticsManager] LIBRARY_PATH
2019-07-16 15:15:32.134+0000 INFO [o.n.k.i.DiagnosticsManager] SYSTEM_PROPERTIES
2019-07-16 15:15:32.134+0000 INFO [o.n.k.i.DiagnosticsManager] NETWORK
2019-07-16 15:15:32.134+0000 INFO [o.n.k.i.DiagnosticsManager] System memory information:
2019-07-16 15:15:32.136+0000 INFO [o.n.k.i.DiagnosticsManager] Total Physical memory: 15.94 GB
2019-07-16 15:15:32.136+0000 INFO [o.n.k.i.DiagnosticsManager] Free Physical memory: 9.98 GB
2019-07-16 15:15:32.136+0000 INFO [o.n.k.i.DiagnosticsManager] Committed virtual memory: 164.55 MB
2019-07-16 15:15:32.136+0000 INFO [o.n.k.i.DiagnosticsManager] Total swap space: 25.94 GB
2019-07-16 15:15:32.136+0000 INFO [o.n.k.i.DiagnosticsManager] Free swap space: 18.31 GB
2019-07-16 15:15:32.136+0000 INFO [o.n.k.i.DiagnosticsManager] JVM memory information:
2019-07-16 15:15:32.136+0000 INFO [o.n.k.i.DiagnosticsManager] Free  memory: 24.12 MB
2019-07-16 15:15:32.136+0000 INFO [o.n.k.i.DiagnosticsManager] Total memory: 91.63 MB
2019-07-16 15:15:32.136+0000 INFO [o.n.k.i.DiagnosticsManager] Max   memory: 247.50 MB
2019-07-16 15:15:32.139+0000 INFO [o.n.k.i.DiagnosticsManager] Garbage Collector: Copy: [Eden Space, Survivor Space]
2019-07-16 15:15:32.140+0000 INFO [o.n.k.i.DiagnosticsManager] Garbage Collector: MarkSweepCompact: [Eden Space, Survivor Space, Tenured Gen]
2019-07-16 15:15:32.140+0000 INFO [o.n.k.i.DiagnosticsManager] Memory Pool: Code Cache (Non-heap memory): committed=2.47 MB, used=2.45 MB, max=32.00 MB, threshold=0.00 B
2019-07-16 15:15:32.140+0000 INFO [o.n.k.i.DiagnosticsManager] Memory Pool: Metaspace (Non-heap memory): committed=13.88 MB, used=13.32 MB, max=-1.00 B, threshold=0.00 B
2019-07-16 15:15:32.140+0000 INFO [o.n.k.i.DiagnosticsManager] Memory Pool: Eden Space (Heap memory): committed=25.38 MB, used=6.29 MB, max=68.31 MB, threshold=?
2019-07-16 15:15:32.140+0000 INFO [o.n.k.i.DiagnosticsManager] Memory Pool: Survivor Space (Heap memory): committed=3.13 MB, used=3.13 MB, max=8.50 MB, threshold=?
2019-07-16 15:15:32.141+0000 INFO [o.n.k.i.DiagnosticsManager] Memory Pool: Tenured Gen (Heap memory): committed=63.13 MB, used=58.10 MB, max=170.69 MB, threshold=0.00 B
2019-07-16 15:15:32.141+0000 INFO [o.n.k.i.DiagnosticsManager] Operating system information:
2019-07-16 15:15:32.141+0000 INFO [o.n.k.i.DiagnosticsManager] Operating System: Windows 10; version: 10.0; arch: x86; cpus: 6
2019-07-16 15:15:32.148+0000 INFO [o.n.k.i.DiagnosticsManager] Process id: 15328@DESKTOP-9DR8US0
2019-07-16 15:15:32.148+0000 INFO [o.n.k.i.DiagnosticsManager] Byte order: LITTLE_ENDIAN
2019-07-16 15:15:32.148+0000 INFO [o.n.k.i.DiagnosticsManager] Local timezone: Asia/Shanghai
2019-07-16 15:15:32.148+0000 INFO [o.n.k.i.DiagnosticsManager] JVM information:
2019-07-16 15:15:32.148+0000 INFO [o.n.k.i.DiagnosticsManager] VM Name: Java HotSpot(TM) Client VM
2019-07-16 15:15:32.148+0000 INFO [o.n.k.i.DiagnosticsManager] VM Vendor: Oracle Corporation
2019-07-16 15:15:32.148+0000 INFO [o.n.k.i.DiagnosticsManager] VM Version: 25.60-b23
2019-07-16 15:15:32.149+0000 INFO [o.n.k.i.DiagnosticsManager] JIT compiler: HotSpot Client Compiler
2019-07-16 15:15:32.149+0000 INFO [o.n.k.i.DiagnosticsManager] VM Arguments: [-Dexe4j.semaphoreName=Local\c:_program_files_(x86)_neo4j_ce_3.2.1_bin_neo4j-ce.exe, -Dexe4j.isInstall4j=true, -Dexe4j.moduleName=C:\Program Files (x86)\Neo4j CE 3.2.1\bin\neo4j-ce.exe, -Dexe4j.tempDir=, -Dexe4j.unextractedPosition=0, -Djava.library.path=C:\Program Files (x86)\Common Files\Oracle\Java\javapath;C:\Windows\system32;C:\Windows;C:\Windows\System32\Wbem;C:\Windows\System32\WindowsPowerShell\v1.0\;C:\Windows\System32\OpenSSH\;C:\Program Files (x86)\NVIDIA Corporation\PhysX\Common;C:\Program Files\dotnet\;C:\Program Files\Microsoft SQL Server\130\Tools\Binn\;C:\Program Files (x86)\Git\cmd;C:\Program Files\Java\jdk1.8.0_181\bin;C:\Program Files\TortoiseSVN\bin;C:\MinGW\bin;C:\Apache24\bin;C:\Program Files\MongoDB\Server\4.0\bin;C:\Program Files\PuTTY\;E:\apache-maven-3.5.4\bin;C:\Users\more\AppData\Local\Android\Sdk\platform-tools;C:\Users\more\AppData\Local\Android\Sdk\tools;C:\Users\more\AppData\Local\Android\Sdk\build-tools\28.0.3;C:\Program Files\nodejs\;C:\Users\cafe\mysql-8.0.12-winx64;C:\Program Files (x86)\Neo4j CE 3.2.1\bin;C:\Program Files\NVIDIA Corporation\NVIDIA NvDLISR;C:\ProgramData\Anaconda3;C:\ProgramData\Anaconda3\Scripts;D:\mysql\mysql-5.7.25-winx64\bin;C:\Users\more\AppData\Local\Microsoft\WindowsApps;C:\Users\more\AppData\Local\GitHubDesktop\bin;C:\Users\more\AppData\Roaming\npm;c:\program files (x86)\neo4j ce 3.2.1\jre\bin, -Dexe4j.consoleCodepage=cp0, -Dinstall4j.launcherId=24, -Dinstall4j.swt=false]
2019-07-16 15:15:32.149+0000 INFO [o.n.k.i.DiagnosticsManager] Java classpath:
2019-07-16 15:15:32.155+0000 INFO [o.n.k.i.DiagnosticsManager]  [bootstrap] C:\Program Files (x86)\Neo4j CE 3.2.1\jre\lib\resources.jar
2019-07-16 15:15:32.155+0000 INFO [o.n.k.i.DiagnosticsManager]  [loader.1] file:/C:/Program%20Files%20(x86)/Neo4j%20CE%203.2.1/jre/lib/ext/access-bridge-32.jar
2019-07-16 15:15:32.155+0000 INFO [o.n.k.i.DiagnosticsManager]  [classpath] C:\Program Files (x86)\Neo4j CE 3.2.1\.install4j\i4jruntime.jar
2019-07-16 15:15:32.155+0000 INFO [o.n.k.i.DiagnosticsManager]  [bootstrap] C:\Program Files (x86)\Neo4j CE 3.2.1\jre\lib\jce.jar
2019-07-16 15:15:32.155+0000 INFO [o.n.k.i.DiagnosticsManager]  [loader.1] file:/C:/Program%20Files%20(x86)/Neo4j%20CE%203.2.1/jre/lib/ext/jaccess.jar
2019-07-16 15:15:32.155+0000 INFO [o.n.k.i.DiagnosticsManager]  [loader.1] file:/C:/Program%20Files%20(x86)/Neo4j%20CE%203.2.1/jre/lib/ext/sunec.jar
2019-07-16 15:15:32.155+0000 INFO [o.n.k.i.DiagnosticsManager]  [loader.1] file:/C:/Program%20Files%20(x86)/Neo4j%20CE%203.2.1/jre/lib/ext/sunpkcs11.jar
2019-07-16 15:15:32.155+0000 INFO [o.n.k.i.DiagnosticsManager]  [bootstrap] C:\Program Files (x86)\Neo4j CE 3.2.1\jre\lib\rt.jar
2019-07-16 15:15:32.155+0000 INFO [o.n.k.i.DiagnosticsManager]  [bootstrap] C:\Program Files (x86)\Neo4j CE 3.2.1\jre\lib\jsse.jar
2019-07-16 15:15:32.155+0000 INFO [o.n.k.i.DiagnosticsManager]  [bootstrap] C:\Program Files (x86)\Neo4j CE 3.2.1\jre\lib\sunrsasign.jar
2019-07-16 15:15:32.155+0000 INFO [o.n.k.i.DiagnosticsManager]  [bootstrap] C:\Program Files (x86)\Neo4j CE 3.2.1\jre\lib\jfr.jar
2019-07-16 15:15:32.155+0000 INFO [o.n.k.i.DiagnosticsManager]  [loader.1] file:/C:/Program%20Files%20(x86)/Neo4j%20CE%203.2.1/jre/lib/ext/dnsns.jar
2019-07-16 15:15:32.156+0000 INFO [o.n.k.i.DiagnosticsManager]  [loader.1] file:/C:/Program%20Files%20(x86)/Neo4j%20CE%203.2.1/jre/lib/ext/jfxrt.jar
2019-07-16 15:15:32.156+0000 INFO [o.n.k.i.DiagnosticsManager]  [bootstrap] C:\Program Files (x86)\Neo4j CE 3.2.1\jre\lib\charsets.jar
2019-07-16 15:15:32.156+0000 INFO [o.n.k.i.DiagnosticsManager]  [loader.0] file:/C:/Program%20Files%20(x86)/Neo4j%20CE%203.2.1/bin/neo4j-desktop-3.2.1.jar
2019-07-16 15:15:32.156+0000 INFO [o.n.k.i.DiagnosticsManager]  [loader.0] file:/C:/Program%20Files%20(x86)/Neo4j%20CE%203.2.1/.install4j/i4jruntime.jar
2019-07-16 15:15:32.156+0000 INFO [o.n.k.i.DiagnosticsManager]  [loader.1] file:/C:/Program%20Files%20(x86)/Neo4j%20CE%203.2.1/jre/lib/ext/cldrdata.jar
2019-07-16 15:15:32.156+0000 INFO [o.n.k.i.DiagnosticsManager]  [loader.1] file:/C:/Program%20Files%20(x86)/Neo4j%20CE%203.2.1/jre/lib/ext/sunmscapi.jar
2019-07-16 15:15:32.156+0000 INFO [o.n.k.i.DiagnosticsManager]  [bootstrap] C:\Program Files (x86)\Neo4j CE 3.2.1\jre\classes
2019-07-16 15:15:32.156+0000 INFO [o.n.k.i.DiagnosticsManager]  [classpath] C:\Program Files (x86)\Neo4j CE 3.2.1\bin\neo4j-desktop-3.2.1.jar
2019-07-16 15:15:32.156+0000 INFO [o.n.k.i.DiagnosticsManager]  [loader.1] file:/C:/Program%20Files%20(x86)/Neo4j%20CE%203.2.1/jre/lib/ext/sunjce_provider.jar
2019-07-16 15:15:32.156+0000 INFO [o.n.k.i.DiagnosticsManager]  [loader.1] file:/C:/Program%20Files%20(x86)/Neo4j%20CE%203.2.1/jre/lib/ext/localedata.jar
2019-07-16 15:15:32.156+0000 INFO [o.n.k.i.DiagnosticsManager]  [loader.1] file:/C:/Program%20Files%20(x86)/Neo4j%20CE%203.2.1/jre/lib/ext/nashorn.jar
2019-07-16 15:15:32.156+0000 INFO [o.n.k.i.DiagnosticsManager]  [loader.1] file:/C:/Program%20Files%20(x86)/Neo4j%20CE%203.2.1/jre/lib/ext/zipfs.jar
2019-07-16 15:15:32.156+0000 INFO [o.n.k.i.DiagnosticsManager] Library path:
2019-07-16 15:15:32.157+0000 INFO [o.n.k.i.DiagnosticsManager] C:\Program Files (x86)\Common Files\Oracle\Java\javapath
2019-07-16 15:15:32.158+0000 INFO [o.n.k.i.DiagnosticsManager] C:\Windows\System32
2019-07-16 15:15:32.158+0000 INFO [o.n.k.i.DiagnosticsManager] C:\Windows
2019-07-16 15:15:32.159+0000 INFO [o.n.k.i.DiagnosticsManager] C:\Windows\System32\wbem
2019-07-16 15:15:32.160+0000 INFO [o.n.k.i.DiagnosticsManager] C:\Windows\System32\WindowsPowerShell\v1.0
2019-07-16 15:15:32.160+0000 INFO [o.n.k.i.DiagnosticsManager] C:\Windows\System32\OpenSSH
2019-07-16 15:15:32.161+0000 INFO [o.n.k.i.DiagnosticsManager] C:\Program Files (x86)\NVIDIA Corporation\PhysX\Common
2019-07-16 15:15:32.161+0000 INFO [o.n.k.i.DiagnosticsManager] C:\Program Files\dotnet
2019-07-16 15:15:32.162+0000 INFO [o.n.k.i.DiagnosticsManager] C:\Program Files\Microsoft SQL Server\130\Tools\Binn
2019-07-16 15:15:32.163+0000 INFO [o.n.k.i.DiagnosticsManager] C:\Program Files (x86)\Git\cmd
2019-07-16 15:15:32.164+0000 INFO [o.n.k.i.DiagnosticsManager] C:\Program Files\Java\jdk1.8.0_181\bin
2019-07-16 15:15:32.164+0000 INFO [o.n.k.i.DiagnosticsManager] C:\Program Files\TortoiseSVN\bin
2019-07-16 15:15:32.165+0000 INFO [o.n.k.i.DiagnosticsManager] C:\MinGW\bin
2019-07-16 15:15:32.165+0000 INFO [o.n.k.i.DiagnosticsManager] C:\Apache24\bin
2019-07-16 15:15:32.166+0000 INFO [o.n.k.i.DiagnosticsManager] C:\Program Files\MongoDB\Server\4.0\bin
2019-07-16 15:15:32.167+0000 INFO [o.n.k.i.DiagnosticsManager] C:\Program Files\PuTTY
2019-07-16 15:15:32.167+0000 INFO [o.n.k.i.DiagnosticsManager] E:\apache-maven-3.5.4\bin
2019-07-16 15:15:32.168+0000 INFO [o.n.k.i.DiagnosticsManager] C:\Users\more\AppData\Local\Android\Sdk\platform-tools
2019-07-16 15:15:32.169+0000 INFO [o.n.k.i.DiagnosticsManager] C:\Users\more\AppData\Local\Android\Sdk\tools
2019-07-16 15:15:32.171+0000 INFO [o.n.k.i.DiagnosticsManager] C:\Users\more\AppData\Local\Android\Sdk\build-tools\28.0.3
2019-07-16 15:15:32.171+0000 INFO [o.n.k.i.DiagnosticsManager] C:\Program Files\nodejs
2019-07-16 15:15:32.172+0000 INFO [o.n.k.i.DiagnosticsManager] C:\Users\cafe\mysql-8.0.12-winx64
2019-07-16 15:15:32.172+0000 INFO [o.n.k.i.DiagnosticsManager] C:\Program Files (x86)\Neo4j CE 3.2.1\bin
2019-07-16 15:15:32.173+0000 INFO [o.n.k.i.DiagnosticsManager] C:\Program Files\NVIDIA Corporation\NVIDIA NvDLISR
2019-07-16 15:15:32.173+0000 INFO [o.n.k.i.DiagnosticsManager] C:\ProgramData\Anaconda3
2019-07-16 15:15:32.174+0000 INFO [o.n.k.i.DiagnosticsManager] C:\ProgramData\Anaconda3\Scripts
2019-07-16 15:15:32.174+0000 INFO [o.n.k.i.DiagnosticsManager] D:\mysql\mysql-5.7.25-winx64\bin
2019-07-16 15:15:32.175+0000 INFO [o.n.k.i.DiagnosticsManager] C:\Users\more\AppData\Local\Microsoft\WindowsApps
2019-07-16 15:15:32.176+0000 INFO [o.n.k.i.DiagnosticsManager] C:\Users\more\AppData\Local\GitHubDesktop\bin
2019-07-16 15:15:32.177+0000 INFO [o.n.k.i.DiagnosticsManager] C:\Users\more\AppData\Roaming\npm
2019-07-16 15:15:32.178+0000 INFO [o.n.k.i.DiagnosticsManager] C:\Program Files (x86)\Neo4j CE 3.2.1\jre\bin
2019-07-16 15:15:32.178+0000 INFO [o.n.k.i.DiagnosticsManager] System.properties:
2019-07-16 15:15:32.178+0000 INFO [o.n.k.i.DiagnosticsManager] exe4j.moduleName = C:\Program Files (x86)\Neo4j CE 3.2.1\bin\neo4j-ce.exe
2019-07-16 15:15:32.178+0000 INFO [o.n.k.i.DiagnosticsManager] exe4j.semaphoreName = Local\c:_program_files_(x86)_neo4j_ce_3.2.1_bin_neo4j-ce.exe
2019-07-16 15:15:32.178+0000 INFO [o.n.k.i.DiagnosticsManager] sun.boot.library.path = c:\program files (x86)\neo4j ce 3.2.1\jre\bin
2019-07-16 15:15:32.178+0000 INFO [o.n.k.i.DiagnosticsManager] exe4j.consoleCodepage = cp0
2019-07-16 15:15:32.178+0000 INFO [o.n.k.i.DiagnosticsManager] path.separator = ;
2019-07-16 15:15:32.178+0000 INFO [o.n.k.i.DiagnosticsManager] file.encoding.pkg = sun.io
2019-07-16 15:15:32.178+0000 INFO [o.n.k.i.DiagnosticsManager] user.country = CN
2019-07-16 15:15:32.178+0000 INFO [o.n.k.i.DiagnosticsManager] user.script = 
2019-07-16 15:15:32.178+0000 INFO [o.n.k.i.DiagnosticsManager] sun.os.patch.level = 
2019-07-16 15:15:32.178+0000 INFO [o.n.k.i.DiagnosticsManager] install4j.exeDir = C:\Program Files (x86)\Neo4j CE 3.2.1\bin\
2019-07-16 15:15:32.178+0000 INFO [o.n.k.i.DiagnosticsManager] user.dir = C:\Program Files (x86)\Neo4j CE 3.2.1\bin
2019-07-16 15:15:32.178+0000 INFO [o.n.k.i.DiagnosticsManager] user.variant = 
2019-07-16 15:15:32.178+0000 INFO [o.n.k.i.DiagnosticsManager] exe4j.tempDir = 
2019-07-16 15:15:32.178+0000 INFO [o.n.k.i.DiagnosticsManager] sun.jnu.encoding = GBK
2019-07-16 15:15:32.178+0000 INFO [o.n.k.i.DiagnosticsManager] unsupported.dbms.udc.source = desktop
2019-07-16 15:15:32.178+0000 INFO [o.n.k.i.DiagnosticsManager] sun.awt.enableExtraMouseButtons = true
2019-07-16 15:15:32.178+0000 INFO [o.n.k.i.DiagnosticsManager] install4j.launcherId = 24
2019-07-16 15:15:32.178+0000 INFO [o.n.k.i.DiagnosticsManager] sun.management.compiler = HotSpot Client Compiler
2019-07-16 15:15:32.178+0000 INFO [o.n.k.i.DiagnosticsManager] exe4j.isInstall4j = true
2019-07-16 15:15:32.178+0000 INFO [o.n.k.i.DiagnosticsManager] install4j.swt = false
2019-07-16 15:15:32.178+0000 INFO [o.n.k.i.DiagnosticsManager] user.home = C:\Users\more
2019-07-16 15:15:32.179+0000 INFO [o.n.k.i.DiagnosticsManager] user.timezone = Asia/Shanghai
2019-07-16 15:15:32.179+0000 INFO [o.n.k.i.DiagnosticsManager] file.encoding = GBK
2019-07-16 15:15:32.179+0000 INFO [o.n.k.i.DiagnosticsManager] user.name = cafe3165
2019-07-16 15:15:32.179+0000 INFO [o.n.k.i.DiagnosticsManager] sun.java.command = C:\Program Files (x86)\Neo4j CE 3.2.1\bin\neo4j-ce.exe
2019-07-16 15:15:32.179+0000 INFO [o.n.k.i.DiagnosticsManager] sun.arch.data.model = 32
2019-07-16 15:15:32.179+0000 INFO [o.n.k.i.DiagnosticsManager] exe4j.launchName = C:\Program Files (x86)\Neo4j CE 3.2.1\bin\neo4j-ce.exe
2019-07-16 15:15:32.179+0000 INFO [o.n.k.i.DiagnosticsManager] user.language = zh
2019-07-16 15:15:32.179+0000 INFO [o.n.k.i.DiagnosticsManager] awt.toolkit = sun.awt.windows.WToolkit
2019-07-16 15:15:32.179+0000 INFO [o.n.k.i.DiagnosticsManager] exe4j.unextractedPosition = 0
2019-07-16 15:15:32.179+0000 INFO [o.n.k.i.DiagnosticsManager] install4j.appDir = C:\Program Files (x86)\Neo4j CE 3.2.1\
2019-07-16 15:15:32.179+0000 INFO [o.n.k.i.DiagnosticsManager] file.separator = \
2019-07-16 15:15:32.179+0000 INFO [o.n.k.i.DiagnosticsManager] sun.io.unicode.encoding = UnicodeLittle
2019-07-16 15:15:32.179+0000 INFO [o.n.k.i.DiagnosticsManager] sun.cpu.endian = little
2019-07-16 15:15:32.179+0000 INFO [o.n.k.i.DiagnosticsManager] sun.desktop = windows
2019-07-16 15:15:32.179+0000 INFO [o.n.k.i.DiagnosticsManager] sun.cpu.isalist = pentium_pro+mmx pentium_pro pentium+mmx pentium i486 i386 i86
2019-07-16 15:15:32.179+0000 INFO [o.n.k.i.DiagnosticsManager] Network information:
2019-07-16 15:15:32.345+0000 INFO [o.n.k.i.DiagnosticsManager] Interface Software Loopback Interface 1:
2019-07-16 15:15:32.345+0000 INFO [o.n.k.i.DiagnosticsManager]     address: 127.0.0.1
2019-07-16 15:15:32.345+0000 INFO [o.n.k.i.DiagnosticsManager]     address: 0:0:0:0:0:0:0:1
2019-07-16 15:15:32.345+0000 INFO [o.n.k.i.DiagnosticsManager] Interface Microsoft 6to4 Adapter:
2019-07-16 15:15:32.345+0000 INFO [o.n.k.i.DiagnosticsManager] Interface Microsoft IP-HTTPS Platform Adapter:
2019-07-16 15:15:32.345+0000 INFO [o.n.k.i.DiagnosticsManager] Interface Microsoft Kernel Debug Network Adapter:
2019-07-16 15:15:32.345+0000 INFO [o.n.k.i.DiagnosticsManager] Interface VirtualBox Host-Only Ethernet Adapter #2:
2019-07-16 15:15:32.345+0000 INFO [o.n.k.i.DiagnosticsManager]     address: 192.168.103.2
2019-07-16 15:15:32.345+0000 INFO [o.n.k.i.DiagnosticsManager]     address: fe80:0:0:0:75cd:391b:e2a3:d30f%eth1
2019-07-16 15:15:32.345+0000 INFO [o.n.k.i.DiagnosticsManager] Interface VMware Virtual Ethernet Adapter for VMnet8:
2019-07-16 15:15:32.346+0000 INFO [o.n.k.i.DiagnosticsManager]     address: 192.168.238.1
2019-07-16 15:15:32.346+0000 INFO [o.n.k.i.DiagnosticsManager]     address: fe80:0:0:0:617a:e358:5a0e:acc6%eth2
2019-07-16 15:15:32.346+0000 INFO [o.n.k.i.DiagnosticsManager] Interface WAN Miniport (IP):
2019-07-16 15:15:32.346+0000 INFO [o.n.k.i.DiagnosticsManager] Interface WAN Miniport (L2TP):
2019-07-16 15:15:32.346+0000 INFO [o.n.k.i.DiagnosticsManager] Interface WAN Miniport (PPPOE):
2019-07-16 15:15:32.346+0000 INFO [o.n.k.i.DiagnosticsManager] Interface VMware Virtual Ethernet Adapter for VMnet1:
2019-07-16 15:15:32.346+0000 INFO [o.n.k.i.DiagnosticsManager]     address: 192.168.111.1
2019-07-16 15:15:32.346+0000 INFO [o.n.k.i.DiagnosticsManager]     address: fe80:0:0:0:9cad:4ae6:17a:37c2%eth4
2019-07-16 15:15:32.346+0000 INFO [o.n.k.i.DiagnosticsManager] Interface Microsoft Teredo Tunneling Adapter:
2019-07-16 15:15:32.346+0000 INFO [o.n.k.i.DiagnosticsManager] Interface WAN Miniport (IKEv2):
2019-07-16 15:15:32.346+0000 INFO [o.n.k.i.DiagnosticsManager] Interface Cisco AnyConnect Secure Mobility Client Virtual Miniport Adapter for Windows x64:
2019-07-16 15:15:32.346+0000 INFO [o.n.k.i.DiagnosticsManager] Interface WAN Miniport (SSTP):
2019-07-16 15:15:32.346+0000 INFO [o.n.k.i.DiagnosticsManager] Interface Apple Mobile Device Ethernet:
2019-07-16 15:15:32.346+0000 INFO [o.n.k.i.DiagnosticsManager] Interface WAN Miniport (Network Monitor):
2019-07-16 15:15:32.346+0000 INFO [o.n.k.i.DiagnosticsManager] Interface Intel(R) Ethernet Connection (7) I219-V:
2019-07-16 15:15:32.346+0000 INFO [o.n.k.i.DiagnosticsManager]     address: 192.168.0.105
2019-07-16 15:15:32.346+0000 INFO [o.n.k.i.DiagnosticsManager]     address: fe80:0:0:0:dd0a:e122:327c:8dfb%eth8
2019-07-16 15:15:32.346+0000 INFO [o.n.k.i.DiagnosticsManager] Interface TAP-Windows Adapter V9:
2019-07-16 15:15:32.346+0000 INFO [o.n.k.i.DiagnosticsManager]     address: fe80:0:0:0:3ccc:a444:a68e:4887%eth9
2019-07-16 15:15:32.346+0000 INFO [o.n.k.i.DiagnosticsManager] Interface Apple Mobile Device Ethernet #2:
2019-07-16 15:15:32.346+0000 INFO [o.n.k.i.DiagnosticsManager] Interface WAN Miniport (PPTP):
2019-07-16 15:15:32.346+0000 INFO [o.n.k.i.DiagnosticsManager] Interface VirtualBox Host-Only Ethernet Adapter:
2019-07-16 15:15:32.346+0000 INFO [o.n.k.i.DiagnosticsManager]     address: 192.168.56.1
2019-07-16 15:15:32.346+0000 INFO [o.n.k.i.DiagnosticsManager]     address: fe80:0:0:0:1845:f018:77e2:1599%eth11
2019-07-16 15:15:32.346+0000 INFO [o.n.k.i.DiagnosticsManager] Interface WAN Miniport (IPv6):
2019-07-16 15:15:32.346+0000 INFO [o.n.k.i.DiagnosticsManager] Interface TAP-Windows Adapter V9-WFP Native MAC Layer LightWeight Filter-0000:
2019-07-16 15:15:32.346+0000 INFO [o.n.k.i.DiagnosticsManager] Interface TAP-Windows Adapter V9-VirtualBox NDIS Light-Weight Filter-0000:
2019-07-16 15:15:32.347+0000 INFO [o.n.k.i.DiagnosticsManager] Interface TAP-Windows Adapter V9-QoS Packet Scheduler-0000:
2019-07-16 15:15:32.347+0000 INFO [o.n.k.i.DiagnosticsManager] Interface TAP-Windows Adapter V9-WFP 802.3 MAC Layer LightWeight Filter-0000:
2019-07-16 15:15:32.347+0000 INFO [o.n.k.i.DiagnosticsManager] Interface VirtualBox Host-Only Ethernet Adapter-WFP Native MAC Layer LightWeight Filter-0000:
2019-07-16 15:15:32.347+0000 INFO [o.n.k.i.DiagnosticsManager] Interface VirtualBox Host-Only Ethernet Adapter-QoS Packet Scheduler-0000:
2019-07-16 15:15:32.347+0000 INFO [o.n.k.i.DiagnosticsManager] Interface VirtualBox Host-Only Ethernet Adapter-WFP 802.3 MAC Layer LightWeight Filter-0000:
2019-07-16 15:15:32.347+0000 INFO [o.n.k.i.DiagnosticsManager] Interface VirtualBox Host-Only Ethernet Adapter #2-WFP Native MAC Layer LightWeight Filter-0000:
2019-07-16 15:15:32.347+0000 INFO [o.n.k.i.DiagnosticsManager] Interface VirtualBox Host-Only Ethernet Adapter #2-QoS Packet Scheduler-0000:
2019-07-16 15:15:32.347+0000 INFO [o.n.k.i.DiagnosticsManager] Interface VirtualBox Host-Only Ethernet Adapter #2-WFP 802.3 MAC Layer LightWeight Filter-0000:
2019-07-16 15:15:32.347+0000 INFO [o.n.k.i.DiagnosticsManager] Interface Intel(R) Ethernet Connection (7) I219-V-WFP Native MAC Layer LightWeight Filter-0000:
2019-07-16 15:15:32.347+0000 INFO [o.n.k.i.DiagnosticsManager] Interface Intel(R) Ethernet Connection (7) I219-V-VirtualBox NDIS Light-Weight Filter-0000:
2019-07-16 15:15:32.347+0000 INFO [o.n.k.i.DiagnosticsManager] Interface Intel(R) Ethernet Connection (7) I219-V-QoS Packet Scheduler-0000:
2019-07-16 15:15:32.347+0000 INFO [o.n.k.i.DiagnosticsManager] Interface Intel(R) Ethernet Connection (7) I219-V-WFP 802.3 MAC Layer LightWeight Filter-0000:
2019-07-16 15:15:32.347+0000 INFO [o.n.k.i.DiagnosticsManager] Interface WAN Miniport (IP)-WFP Native MAC Layer LightWeight Filter-0000:
2019-07-16 15:15:32.347+0000 INFO [o.n.k.i.DiagnosticsManager] Interface WAN Miniport (IP)-QoS Packet Scheduler-0000:
2019-07-16 15:15:32.347+0000 INFO [o.n.k.i.DiagnosticsManager] Interface WAN Miniport (IPv6)-WFP Native MAC Layer LightWeight Filter-0000:
2019-07-16 15:15:32.347+0000 INFO [o.n.k.i.DiagnosticsManager] Interface WAN Miniport (IPv6)-QoS Packet Scheduler-0000:
2019-07-16 15:15:32.347+0000 INFO [o.n.k.i.DiagnosticsManager] Interface WAN Miniport (Network Monitor)-WFP Native MAC Layer LightWeight Filter-0000:
2019-07-16 15:15:32.347+0000 INFO [o.n.k.i.DiagnosticsManager] Interface WAN Miniport (Network Monitor)-QoS Packet Scheduler-0000:
2019-07-16 15:15:32.347+0000 INFO [o.n.k.i.DiagnosticsManager] --- INITIALIZED diagnostics END ---
2019-07-16 15:15:32.589+0000 INFO [o.n.b.v.r.WorkerFactory] Bolt Server extension loaded.
2019-07-16 15:15:32.589+0000 INFO [o.n.b.v.r.WorkerFactory] Bolt enabled on 127.0.0.1:7687.
2019-07-16 15:15:32.784+0000 INFO [o.n.k.i.s.f.RecordFormatSelector] Selected RecordFormat:StandardV3_2[v0.A.8] record format from store E:\ideaworkspace\littletest\neo4jAll
2019-07-16 15:15:32.809+0000 INFO [o.n.k.i.s.f.RecordFormatSelector] Selected RecordFormat:StandardV3_2[v0.A.8] record format from store E:\ideaworkspace\littletest\neo4jAll
2019-07-16 15:15:32.809+0000 INFO [o.n.k.i.s.f.RecordFormatSelector] Format not configured. Selected format from the store: RecordFormat:StandardV3_2[v0.A.8]
2019-07-16 15:15:33.359+0000 INFO [o.n.k.i.a.i.IndexingService] IndexingService.init: indexes not specifically mentioned above are null
2019-07-16 15:15:33.401+0000 INFO [o.n.k.NeoStoreDataSource] No commits found after last check point (which is at LogPosition{logVersion=0, byteOffset=51668})
2019-07-16 15:15:33.404+0000 INFO [o.n.k.i.a.i.IndexingService] IndexingService.start: indexes not specifically mentioned above are null
2019-07-16 15:15:33.406+0000 INFO [o.n.k.i.DatabaseHealth] Database health set to OK
2019-07-16 15:15:34.065+0000 INFO [o.n.k.AvailabilityGuard] Fulfilling of requirement makes database available: Database available
2019-07-16 15:15:34.087+0000 INFO [o.n.k.i.f.GraphDatabaseFacadeFactory] Database is now ready
2019-07-16 15:15:34.088+0000 INFO [o.n.k.i.DiagnosticsManager] --- STARTED diagnostics for KernelDiagnostics:Versions START ---
2019-07-16 15:15:34.088+0000 INFO [o.n.k.i.DiagnosticsManager] Graph Database: community single StoreId{creationTime=1563282645222, randomId=4667458486249308387, storeVersion=15813456178476550, upgradeTime=1563282645222, upgradeId=1}
2019-07-16 15:15:34.088+0000 INFO [o.n.k.i.DiagnosticsManager] Kernel version: 3.2.1
2019-07-16 15:15:34.088+0000 INFO [o.n.k.i.DiagnosticsManager] --- STARTED diagnostics for KernelDiagnostics:Versions END ---
2019-07-16 15:15:34.089+0000 INFO [o.n.k.i.DiagnosticsManager] --- STARTED diagnostics for NEO_STORE_VERSIONS START ---
2019-07-16 15:15:34.089+0000 INFO [o.n.k.i.DiagnosticsManager] Store versions:
2019-07-16 15:15:34.089+0000 INFO [o.n.k.i.DiagnosticsManager] Store versions:
2019-07-16 15:15:34.090+0000 INFO [o.n.k.i.DiagnosticsManager]   ArrayPropertyStore v0.A.8
2019-07-16 15:15:34.090+0000 INFO [o.n.k.i.DiagnosticsManager]   NodeStore v0.A.8
2019-07-16 15:15:34.090+0000 INFO [o.n.k.i.DiagnosticsManager]   StringPropertyStore v0.A.8
2019-07-16 15:15:34.090+0000 INFO [o.n.k.i.DiagnosticsManager]   PropertyIndexStore v0.A.8
2019-07-16 15:15:34.090+0000 INFO [o.n.k.i.DiagnosticsManager]   StringPropertyStore v0.A.8
2019-07-16 15:15:34.090+0000 INFO [o.n.k.i.DiagnosticsManager]   ArrayPropertyStore v0.A.8
2019-07-16 15:15:34.090+0000 INFO [o.n.k.i.DiagnosticsManager]   PropertyStore v0.A.8
2019-07-16 15:15:34.090+0000 INFO [o.n.k.i.DiagnosticsManager]   RelationshipStore v0.A.8
2019-07-16 15:15:34.090+0000 INFO [o.n.k.i.DiagnosticsManager]   StringPropertyStore v0.A.8
2019-07-16 15:15:34.090+0000 INFO [o.n.k.i.DiagnosticsManager]   RelationshipTypeStore v0.A.8
2019-07-16 15:15:34.090+0000 INFO [o.n.k.i.DiagnosticsManager]   StringPropertyStore v0.A.8
2019-07-16 15:15:34.090+0000 INFO [o.n.k.i.DiagnosticsManager]   LabelTokenStore v0.A.8
2019-07-16 15:15:34.090+0000 INFO [o.n.k.i.DiagnosticsManager]   SchemaStore v0.A.8
2019-07-16 15:15:34.090+0000 INFO [o.n.k.i.DiagnosticsManager]   RelationshipGroupStore v0.A.8
2019-07-16 15:15:34.090+0000 INFO [o.n.k.i.DiagnosticsManager]   NeoStore v0.A.8
2019-07-16 15:15:34.090+0000 INFO [o.n.k.i.DiagnosticsManager] --- STARTED diagnostics for NEO_STORE_VERSIONS END ---
2019-07-16 15:15:34.091+0000 INFO [o.n.k.i.DiagnosticsManager] --- STARTED diagnostics for NEO_STORE_ID_USAGE START ---
2019-07-16 15:15:34.091+0000 INFO [o.n.k.i.DiagnosticsManager] Id usage:
2019-07-16 15:15:34.091+0000 INFO [o.n.k.i.DiagnosticsManager] Id usage:
2019-07-16 15:15:34.091+0000 INFO [o.n.k.i.DiagnosticsManager]   ArrayPropertyStore: used=1 high=0
2019-07-16 15:15:34.091+0000 INFO [o.n.k.i.DiagnosticsManager]   NodeStore: used=46 high=45
2019-07-16 15:15:34.091+0000 INFO [o.n.k.i.DiagnosticsManager]   StringPropertyStore: used=14 high=13
2019-07-16 15:15:34.091+0000 INFO [o.n.k.i.DiagnosticsManager]   PropertyIndexStore: used=13 high=12
2019-07-16 15:15:34.091+0000 INFO [o.n.k.i.DiagnosticsManager]   StringPropertyStore: used=1 high=0
2019-07-16 15:15:34.091+0000 INFO [o.n.k.i.DiagnosticsManager]   ArrayPropertyStore: used=1 high=0
2019-07-16 15:15:34.091+0000 INFO [o.n.k.i.DiagnosticsManager]   PropertyStore: used=128 high=127
2019-07-16 15:15:34.091+0000 INFO [o.n.k.i.DiagnosticsManager]   RelationshipStore: used=97 high=96
2019-07-16 15:15:34.091+0000 INFO [o.n.k.i.DiagnosticsManager]   StringPropertyStore: used=8 high=7
2019-07-16 15:15:34.091+0000 INFO [o.n.k.i.DiagnosticsManager]   RelationshipTypeStore: used=7 high=6
2019-07-16 15:15:34.091+0000 INFO [o.n.k.i.DiagnosticsManager]   StringPropertyStore: used=6 high=5
2019-07-16 15:15:34.092+0000 INFO [o.n.k.i.DiagnosticsManager]   LabelTokenStore: used=5 high=4
2019-07-16 15:15:34.092+0000 INFO [o.n.k.i.DiagnosticsManager]   SchemaStore: used=1 high=0
2019-07-16 15:15:34.092+0000 INFO [o.n.k.i.DiagnosticsManager]   RelationshipGroupStore: used=1 high=0
2019-07-16 15:15:34.092+0000 INFO [o.n.k.i.DiagnosticsManager]   NeoStore: used=15 high=14
2019-07-16 15:15:34.092+0000 INFO [o.n.k.i.DiagnosticsManager] --- STARTED diagnostics for NEO_STORE_ID_USAGE END ---
2019-07-16 15:15:34.092+0000 INFO [o.n.k.i.DiagnosticsManager] --- STARTED diagnostics for NEO_STORE_RECORDS START ---
2019-07-16 15:15:34.092+0000 INFO [o.n.k.i.DiagnosticsManager] Neostore records:
2019-07-16 15:15:34.092+0000 INFO [o.n.k.i.DiagnosticsManager] TIME (Creation time): 1563282645222
2019-07-16 15:15:34.092+0000 INFO [o.n.k.i.DiagnosticsManager] RANDOM_NUMBER (Random number for store id): 4667458486249308387
2019-07-16 15:15:34.092+0000 INFO [o.n.k.i.DiagnosticsManager] LOG_VERSION (Current log version): 0
2019-07-16 15:15:34.093+0000 INFO [o.n.k.i.DiagnosticsManager] LAST_TRANSACTION_ID (Last committed transaction): 41
2019-07-16 15:15:34.093+0000 INFO [o.n.k.i.DiagnosticsManager] STORE_VERSION (Store format version): 15813456178476550
2019-07-16 15:15:34.093+0000 INFO [o.n.k.i.DiagnosticsManager] FIRST_GRAPH_PROPERTY (First property record containing graph properties): -1
2019-07-16 15:15:34.093+0000 INFO [o.n.k.i.DiagnosticsManager] LAST_CONSTRAINT_TRANSACTION (Last committed transaction containing constraint changes): 0
2019-07-16 15:15:34.093+0000 INFO [o.n.k.i.DiagnosticsManager] UPGRADE_TRANSACTION_ID (Transaction id most recent upgrade was performed at): 1
2019-07-16 15:15:34.093+0000 INFO [o.n.k.i.DiagnosticsManager] UPGRADE_TIME (Time of last upgrade): 1563282645222
2019-07-16 15:15:34.093+0000 INFO [o.n.k.i.DiagnosticsManager] LAST_TRANSACTION_CHECKSUM (Checksum of last committed transaction): -163072913366
2019-07-16 15:15:34.093+0000 INFO [o.n.k.i.DiagnosticsManager] UPGRADE_TRANSACTION_CHECKSUM (Checksum of transaction id the most recent upgrade was performed at): 0
2019-07-16 15:15:34.093+0000 INFO [o.n.k.i.DiagnosticsManager] LAST_CLOSED_TRANSACTION_LOG_VERSION (Log version where the last transaction commit entry has been written into): 0
2019-07-16 15:15:34.093+0000 INFO [o.n.k.i.DiagnosticsManager] LAST_CLOSED_TRANSACTION_LOG_BYTE_OFFSET (Byte offset in the log file where the last transaction commit entry has been written into): 51668
2019-07-16 15:15:34.093+0000 INFO [o.n.k.i.DiagnosticsManager] LAST_TRANSACTION_COMMIT_TIMESTAMP (Commit time timestamp for last committed transaction): 1563282734614
2019-07-16 15:15:34.093+0000 INFO [o.n.k.i.DiagnosticsManager] UPGRADE_TRANSACTION_COMMIT_TIMESTAMP (Commit timestamp of transaction the most recent upgrade was performed at): 0
2019-07-16 15:15:34.093+0000 INFO [o.n.k.i.DiagnosticsManager] --- STARTED diagnostics for NEO_STORE_RECORDS END ---
2019-07-16 15:15:34.094+0000 INFO [o.n.k.i.DiagnosticsManager] --- STARTED diagnostics for TRANSACTION_RANGE START ---
2019-07-16 15:15:34.094+0000 INFO [o.n.k.i.DiagnosticsManager] Transaction log:
2019-07-16 15:15:34.095+0000 INFO [o.n.k.i.DiagnosticsManager] Oldest transaction 2 found in log with version 0
2019-07-16 15:15:34.095+0000 INFO [o.n.k.i.DiagnosticsManager] --- STARTED diagnostics for TRANSACTION_RANGE END ---
2019-07-16 15:15:34.095+0000 INFO [o.n.k.i.DiagnosticsManager] --- STARTED diagnostics for KernelDiagnostics:StoreFiles START ---
2019-07-16 15:15:34.097+0000 INFO [o.n.k.i.DiagnosticsManager] Disk space on partition (Total / Free / Free %): 214748360704 / 190468628480 / 88
Storage files: (filename : modification date - size)
2019-07-16 15:15:34.097+0000 INFO [o.n.k.i.DiagnosticsManager]   certificates:
2019-07-16 15:15:34.098+0000 INFO [o.n.k.i.DiagnosticsManager]     neo4j.cert: 2019-07-16T23:00:29+0800 - 1002.00 B
2019-07-16 15:15:34.098+0000 INFO [o.n.k.i.DiagnosticsManager]     neo4j.key: 2019-07-16T23:00:29+0800 - 1.70 kB
2019-07-16 15:15:34.098+0000 INFO [o.n.k.i.DiagnosticsManager]   - Total: 2019-07-16T23:00:29+0800 - 2.67 kB
2019-07-16 15:15:34.098+0000 INFO [o.n.k.i.DiagnosticsManager]   data:
2019-07-16 15:15:34.098+0000 INFO [o.n.k.i.DiagnosticsManager]     dbms:
2019-07-16 15:15:34.099+0000 INFO [o.n.k.i.DiagnosticsManager]       auth: 2019-07-16T23:00:29+0800 - 114.00 B
2019-07-16 15:15:34.099+0000 INFO [o.n.k.i.DiagnosticsManager]     - Total: 2019-07-16T23:00:29+0800 - 114.00 B
2019-07-16 15:15:34.099+0000 INFO [o.n.k.i.DiagnosticsManager]   - Total: 2019-07-16T23:00:29+0800 - 114.00 B
2019-07-16 15:15:34.099+0000 INFO [o.n.k.i.DiagnosticsManager]   index:
2019-07-16 15:15:34.099+0000 INFO [o.n.k.i.DiagnosticsManager]   - Total: 2019-07-16T23:15:33+0800 - 0.00 B
2019-07-16 15:15:34.099+0000 INFO [o.n.k.i.DiagnosticsManager]   logs:
2019-07-16 15:15:34.100+0000 INFO [o.n.k.i.DiagnosticsManager]     debug.log: 2019-07-16T23:00:29+0800 - 76.57 kB
2019-07-16 15:15:34.100+0000 INFO [o.n.k.i.DiagnosticsManager]   - Total: 2019-07-16T23:00:29+0800 - 76.57 kB
2019-07-16 15:15:34.100+0000 INFO [o.n.k.i.DiagnosticsManager]   neostore: 2019-07-16T23:00:29+0800 - 8.00 kB
2019-07-16 15:15:34.100+0000 INFO [o.n.k.i.DiagnosticsManager]   neostore.counts.db.a: 2019-07-16T23:00:29+0800 - 96.00 B
2019-07-16 15:15:34.101+0000 INFO [o.n.k.i.DiagnosticsManager]   neostore.counts.db.b: 2019-07-16T23:00:29+0800 - 1.28 kB
2019-07-16 15:15:34.101+0000 INFO [o.n.k.i.DiagnosticsManager]   neostore.id: 2019-07-16T23:15:33+0800 - 9.00 B
2019-07-16 15:15:34.101+0000 INFO [o.n.k.i.DiagnosticsManager]   neostore.labelscanstore.db: 2019-07-16T23:15:33+0800 - 48.00 kB
2019-07-16 15:15:34.101+0000 INFO [o.n.k.i.DiagnosticsManager]   neostore.labeltokenstore.db: 2019-07-16T23:00:29+0800 - 8.00 kB
2019-07-16 15:15:34.101+0000 INFO [o.n.k.i.DiagnosticsManager]   neostore.labeltokenstore.db.id: 2019-07-16T23:15:33+0800 - 9.00 B
2019-07-16 15:15:34.102+0000 INFO [o.n.k.i.DiagnosticsManager]   neostore.labeltokenstore.db.names: 2019-07-16T23:00:29+0800 - 8.00 kB
2019-07-16 15:15:34.102+0000 INFO [o.n.k.i.DiagnosticsManager]   neostore.labeltokenstore.db.names.id: 2019-07-16T23:15:33+0800 - 9.00 B
2019-07-16 15:15:34.102+0000 INFO [o.n.k.i.DiagnosticsManager]   neostore.nodestore.db: 2019-07-16T23:00:29+0800 - 8.00 kB
2019-07-16 15:15:34.102+0000 INFO [o.n.k.i.DiagnosticsManager]   neostore.nodestore.db.id: 2019-07-16T23:15:32+0800 - 9.00 B
2019-07-16 15:15:34.102+0000 INFO [o.n.k.i.DiagnosticsManager]   neostore.nodestore.db.labels: 2019-07-16T23:00:29+0800 - 8.00 kB
2019-07-16 15:15:34.103+0000 INFO [o.n.k.i.DiagnosticsManager]   neostore.nodestore.db.labels.id: 2019-07-16T23:15:32+0800 - 9.00 B
2019-07-16 15:15:34.103+0000 INFO [o.n.k.i.DiagnosticsManager]   neostore.propertystore.db: 2019-07-16T23:00:29+0800 - 7.97 kB
2019-07-16 15:15:34.103+0000 INFO [o.n.k.i.DiagnosticsManager]   neostore.propertystore.db.arrays: 2019-07-16T23:00:29+0800 - 8.00 kB
2019-07-16 15:15:34.103+0000 INFO [o.n.k.i.DiagnosticsManager]   neostore.propertystore.db.arrays.id: 2019-07-16T23:15:32+0800 - 9.00 B
2019-07-16 15:15:34.103+0000 INFO [o.n.k.i.DiagnosticsManager]   neostore.propertystore.db.id: 2019-07-16T23:15:33+0800 - 9.00 B
2019-07-16 15:15:34.104+0000 INFO [o.n.k.i.DiagnosticsManager]   neostore.propertystore.db.index: 2019-07-16T23:00:29+0800 - 8.00 kB
2019-07-16 15:15:34.104+0000 INFO [o.n.k.i.DiagnosticsManager]   neostore.propertystore.db.index.id: 2019-07-16T23:15:32+0800 - 9.00 B
2019-07-16 15:15:34.104+0000 INFO [o.n.k.i.DiagnosticsManager]   neostore.propertystore.db.index.keys: 2019-07-16T23:00:29+0800 - 8.00 kB
2019-07-16 15:15:34.104+0000 INFO [o.n.k.i.DiagnosticsManager]   neostore.propertystore.db.index.keys.id: 2019-07-16T23:15:32+0800 - 9.00 B
2019-07-16 15:15:34.104+0000 INFO [o.n.k.i.DiagnosticsManager]   neostore.propertystore.db.strings: 2019-07-16T23:00:29+0800 - 8.00 kB
2019-07-16 15:15:34.105+0000 INFO [o.n.k.i.DiagnosticsManager]   neostore.propertystore.db.strings.id: 2019-07-16T23:15:32+0800 - 9.00 B
2019-07-16 15:15:34.105+0000 INFO [o.n.k.i.DiagnosticsManager]   neostore.relationshipgroupstore.db: 2019-07-16T23:00:29+0800 - 8.00 kB
2019-07-16 15:15:34.105+0000 INFO [o.n.k.i.DiagnosticsManager]   neostore.relationshipgroupstore.db.id: 2019-07-16T23:15:33+0800 - 9.00 B
2019-07-16 15:15:34.105+0000 INFO [o.n.k.i.DiagnosticsManager]   neostore.relationshipstore.db: 2019-07-16T23:00:29+0800 - 7.97 kB
2019-07-16 15:15:34.105+0000 INFO [o.n.k.i.DiagnosticsManager]   neostore.relationshipstore.db.id: 2019-07-16T23:15:33+0800 - 9.00 B
2019-07-16 15:15:34.106+0000 INFO [o.n.k.i.DiagnosticsManager]   neostore.relationshiptypestore.db: 2019-07-16T23:00:29+0800 - 8.00 kB
2019-07-16 15:15:34.106+0000 INFO [o.n.k.i.DiagnosticsManager]   neostore.relationshiptypestore.db.id: 2019-07-16T23:15:33+0800 - 9.00 B
2019-07-16 15:15:34.106+0000 INFO [o.n.k.i.DiagnosticsManager]   neostore.relationshiptypestore.db.names: 2019-07-16T23:00:29+0800 - 8.00 kB
2019-07-16 15:15:34.106+0000 INFO [o.n.k.i.DiagnosticsManager]   neostore.relationshiptypestore.db.names.id: 2019-07-16T23:15:33+0800 - 9.00 B
2019-07-16 15:15:34.106+0000 INFO [o.n.k.i.DiagnosticsManager]   neostore.schemastore.db: 2019-07-16T23:00:29+0800 - 8.00 kB
2019-07-16 15:15:34.107+0000 INFO [o.n.k.i.DiagnosticsManager]   neostore.schemastore.db.id: 2019-07-16T23:15:33+0800 - 9.00 B
2019-07-16 15:15:34.107+0000 INFO [o.n.k.i.DiagnosticsManager]   neostore.transaction.db.0: 2019-07-16T23:00:29+0800 - 50.47 kB
2019-07-16 15:15:34.107+0000 INFO [o.n.k.i.DiagnosticsManager]   store_lock: 2019-07-16T23:00:29+0800 - 0.00 B
2019-07-16 15:15:34.107+0000 INFO [o.n.k.i.DiagnosticsManager] --- STARTED diagnostics for KernelDiagnostics:StoreFiles END ---
2019-07-16 15:15:35.216+0000 INFO [o.n.k.i.DiagnosticsManager] --- SERVER STARTED START ---
2019-07-16 15:15:36.055+0000 INFO [o.n.k.i.DiagnosticsManager] --- SERVER STARTED END ---
2019-07-16 15:16:47.896+0000 ERROR [o.n.k.i.u.w.DefaultFileDeletionEventListener] '' which belongs to the store was deleted while database was running.
2019-07-16 15:29:56.540+0000 INFO [o.n.c.i.ExecutionEngine] Discarded stale query from the query cache: 
CALL db.labels() YIELD label
WITH COLLECT(label) AS labels
RETURN 'labels' as a, labels as result
UNION
CALL db.relationshipTypes() YIELD relationshipType
WITH COLLECT(relationshipType) AS relationshipTypes
RETURN 'relationshipTypes' as a, relationshipTypes as result
UNION
CALL db.propertyKeys() YIELD propertyKey
WITH COLLECT(propertyKey) AS propertyKeys
RETURN 'propertyKeys' as a, propertyKeys as result
UNION
CALL dbms.functions() YIELD name, signature, description
WITH collect({name: name, signature: signature, description: description}) as functions
RETURN 'functions' as a, functions AS result
UNION
CALL dbms.procedures() YIELD name, signature, description
WITH collect({name: name, signature: signature, description: description}) as procedures
RETURN 'procedures' as a, procedures as result

2019-07-16 15:29:56.541+0000 INFO [o.n.c.i.CommunityCompatibilityFactory] Discarded stale query from the query cache: CALL db.labels() YIELD label
WITH COLLECT(label) AS labels
RETURN 'labels' as a, labels as result
UNION
CALL db.relationshipTypes() YIELD relationshipType
WITH COLLECT(relationshipType) AS relationshipTypes
RETURN 'relationshipTypes' as a, relationshipTypes as result
UNION
CALL db.propertyKeys() YIELD propertyKey
WITH COLLECT(propertyKey) AS propertyKeys
RETURN 'propertyKeys' as a, propertyKeys as result
UNION
CALL dbms.functions() YIELD name, signature, description
WITH collect({name: name, signature: signature, description: description}) as functions
RETURN 'functions' as a, functions AS result
UNION
CALL dbms.procedures() YIELD name, signature, description
WITH collect({name: name, signature: signature, description: description}) as procedures
RETURN 'procedures' as a, procedures as result

2019-07-16 15:30:14.897+0000 INFO [o.n.c.i.ExecutionEngine] Discarded stale query from the query cache: 
CALL db.labels() YIELD label
WITH COLLECT(label) AS labels
RETURN 'labels' as a, labels as result
UNION
CALL db.relationshipTypes() YIELD relationshipType
WITH COLLECT(relationshipType) AS relationshipTypes
RETURN 'relationshipTypes' as a, relationshipTypes as result
UNION
CALL db.propertyKeys() YIELD propertyKey
WITH COLLECT(propertyKey) AS propertyKeys
RETURN 'propertyKeys' as a, propertyKeys as result
UNION
CALL dbms.functions() YIELD name, signature, description
WITH collect({name: name, signature: signature, description: description}) as functions
RETURN 'functions' as a, functions AS result
UNION
CALL dbms.procedures() YIELD name, signature, description
WITH collect({name: name, signature: signature, description: description}) as procedures
RETURN 'procedures' as a, procedures as result

2019-07-16 15:30:14.900+0000 INFO [o.n.c.i.CommunityCompatibilityFactory] Discarded stale query from the query cache: CALL db.labels() YIELD label
WITH COLLECT(label) AS labels
RETURN 'labels' as a, labels as result
UNION
CALL db.relationshipTypes() YIELD relationshipType
WITH COLLECT(relationshipType) AS relationshipTypes
RETURN 'relationshipTypes' as a, relationshipTypes as result
UNION
CALL db.propertyKeys() YIELD propertyKey
WITH COLLECT(propertyKey) AS propertyKeys
RETURN 'propertyKeys' as a, propertyKeys as result
UNION
CALL dbms.functions() YIELD name, signature, description
WITH collect({name: name, signature: signature, description: description}) as functions
RETURN 'functions' as a, functions AS result
UNION
CALL dbms.procedures() YIELD name, signature, description
WITH collect({name: name, signature: signature, description: description}) as procedures
RETURN 'procedures' as a, procedures as result

2019-07-16 15:31:33.437+0000 INFO [o.n.k.i.t.l.c.CheckPointerImpl] Check Pointing triggered by scheduler for time threshold [57]:  Starting check pointing...
2019-07-16 15:31:33.437+0000 INFO [o.n.k.i.t.l.c.CheckPointerImpl] Check Pointing triggered by scheduler for time threshold [57]:  Starting store flush...
2019-07-16 15:31:33.481+0000 INFO [o.n.k.i.s.c.CountsTracker] About to rotate counts store at transaction 57 to [E:\ideaworkspace\littletest\neo4jAll\neostore.counts.db.a], from [E:\ideaworkspace\littletest\neo4jAll\neostore.counts.db.b].
2019-07-16 15:31:33.487+0000 INFO [o.n.k.i.s.c.CountsTracker] Successfully rotated counts store at transaction 57 to [E:\ideaworkspace\littletest\neo4jAll\neostore.counts.db.a], from [E:\ideaworkspace\littletest\neo4jAll\neostore.counts.db.b].
2019-07-16 15:31:33.600+0000 INFO [o.n.k.i.t.l.c.CheckPointerImpl] Check Pointing triggered by scheduler for time threshold [57]:  Store flush completed
2019-07-16 15:31:33.600+0000 INFO [o.n.k.i.t.l.c.CheckPointerImpl] Check Pointing triggered by scheduler for time threshold [57]:  Starting appending check point entry into the tx log...
2019-07-16 15:31:33.609+0000 INFO [o.n.k.i.t.l.c.CheckPointerImpl] Check Pointing triggered by scheduler for time threshold [57]:  Appending check point entry into the tx log completed
2019-07-16 15:31:33.609+0000 INFO [o.n.k.i.t.l.c.CheckPointerImpl] Check Pointing triggered by scheduler for time threshold [57]:  Check pointing completed
2019-07-16 15:31:33.609+0000 INFO [o.n.k.i.t.l.p.LogPruningImpl] Log Rotation [0]:  Starting log pruning.
2019-07-16 15:31:33.609+0000 INFO [o.n.k.i.t.l.p.LogPruningImpl] Log Rotation [0]:  Log pruning complete.
2019-07-16 15:42:04.621+0000 INFO [o.n.k.i.f.GraphDatabaseFacadeFactory] Shutdown started
2019-07-16 15:42:04.621+0000 INFO [o.n.k.i.f.GraphDatabaseFacadeFactory] Database is now unavailable
2019-07-16 15:42:04.625+0000 INFO [o.n.k.i.t.l.c.CheckPointerImpl] Check Pointing triggered by database shutdown [57]:  Starting check pointing...
2019-07-16 15:42:04.625+0000 INFO [o.n.k.i.t.l.c.CheckPointerImpl] Check Pointing triggered by database shutdown [57]:  Starting store flush...
2019-07-16 15:42:04.629+0000 INFO [o.n.k.i.t.l.c.CheckPointerImpl] Check Pointing triggered by database shutdown [57]:  Store flush completed
2019-07-16 15:42:04.629+0000 INFO [o.n.k.i.t.l.c.CheckPointerImpl] Check Pointing triggered by database shutdown [57]:  Starting appending check point entry into the tx log...
2019-07-16 15:42:04.643+0000 INFO [o.n.k.i.t.l.c.CheckPointerImpl] Check Pointing triggered by database shutdown [57]:  Appending check point entry into the tx log completed
2019-07-16 15:42:04.643+0000 INFO [o.n.k.i.t.l.c.CheckPointerImpl] Check Pointing triggered by database shutdown [57]:  Check pointing completed
2019-07-16 15:42:04.643+0000 INFO [o.n.k.i.t.l.p.LogPruningImpl] Log Rotation [0]:  Starting log pruning.
2019-07-16 15:42:04.643+0000 INFO [o.n.k.i.t.l.p.LogPruningImpl] Log Rotation [0]:  Log pruning complete.
2019-07-16 15:42:05.458+0000 INFO [o.n.k.i.DiagnosticsManager] --- STOPPING diagnostics START ---
2019-07-16 15:42:05.458+0000 INFO [o.n.k.i.DiagnosticsManager] --- STOPPING diagnostics END ---
